[2025-09-04 11:18:36] 스케줄러가 시작되었습니다.
[2025-09-04 11:25:02] 스케줄러가 시작되었습니다.
[2025-09-04 11:30:00] 스케줄러가 실행되었습니다.
[2025-09-04 11:30:00] ETL 시도 1/2
[2025-09-04 11:30:06] ETL 실패(시도 1): Pipeline exited with code 1
[2025-09-04 11:30:06] ⏳ 10s 후 재시도합니다…
[2025-09-04 11:30:16] ETL 시도 2/2
[2025-09-04 11:30:22] ETL 실패(시도 2): Pipeline exited with code 1
[2025-09-04 11:30:22] 이번 회차 최종 실패: Pipeline exited with code 1
[2025-09-04 11:30:22] 스케줄러 작업 종료
[2025-09-04 14:01:48] 스케줄러가 시작되었습니다.
[2025-09-04 14:02:06] 스케줄러가 시작되었습니다.
[2025-09-04 14:03:00]  스케줄러가 실행되었습니다.
[2025-09-04 14:03:00] ETL 시도 1/2
[2025-09-04 14:05:44] ETL 성공, 실행 시간: 164.0s
[2025-09-04 14:05:44] 스케줄러 작업 종료
[2025-09-04 14:15:00]  스케줄러가 실행되었습니다.
[2025-09-04 14:15:00] ETL 시도 1/2
[2025-09-04 14:16:20] ETL 성공, 실행 시간: 80.0s
[2025-09-04 14:16:20] 스케줄러 작업 종료
[2025-09-04 14:30:00]  스케줄러가 실행되었습니다.
[2025-09-04 14:30:00] ETL 시도 1/2
[2025-09-04 14:31:15] ETL 성공, 실행 시간: 75.4s
[2025-09-04 14:31:15] 스케줄러 작업 종료
[2025-09-04 14:45:00]  스케줄러가 실행되었습니다.
[2025-09-04 14:45:00] ETL 시도 1/2
[2025-09-04 14:46:15] ETL 성공, 실행 시간: 75.4s
[2025-09-04 14:46:15] 스케줄러 작업 종료
[2025-09-04 15:03:00]  스케줄러가 실행되었습니다.
[2025-09-04 15:03:00] ETL 시도 1/2
[2025-09-04 15:04:16] ETL 성공, 실행 시간: 76.8s
[2025-09-04 15:04:16] 스케줄러 작업 종료
[2025-09-04 15:15:00]  스케줄러가 실행되었습니다.
[2025-09-04 15:15:00] ETL 시도 1/2
[2025-09-04 15:16:16] ETL 성공, 실행 시간: 76.2s
[2025-09-04 15:16:16] 스케줄러 작업 종료
[2025-09-04 15:30:00]  스케줄러가 실행되었습니다.
[2025-09-04 15:30:00] ETL 시도 1/2
[2025-09-04 15:31:13] ETL 성공, 실행 시간: 72.8s
[2025-09-04 15:31:13] 스케줄러 작업 종료
[2025-09-04 15:45:00]  스케줄러가 실행되었습니다.
[2025-09-04 15:45:00] ETL 시도 1/2
[2025-09-04 15:46:12] ETL 성공, 실행 시간: 72.6s
[2025-09-04 15:46:12] 스케줄러 작업 종료
[2025-09-04 16:03:00]  스케줄러가 실행되었습니다.
[2025-09-04 16:03:00] ETL 시도 1/2
[2025-09-04 16:04:16] ETL 성공, 실행 시간: 76.4s
[2025-09-04 16:04:16] 스케줄러 작업 종료
[2025-09-04 16:15:00]  스케줄러가 실행되었습니다.
[2025-09-04 16:15:00] ETL 시도 1/2
[2025-09-04 16:16:16] ETL 성공, 실행 시간: 76.0s
[2025-09-04 16:16:16] 스케줄러 작업 종료
[2025-09-04 16:30:00]  스케줄러가 실행되었습니다.
[2025-09-04 16:30:00] ETL 시도 1/2
[2025-09-04 16:31:24] ETL 성공, 실행 시간: 83.2s
[2025-09-04 16:31:24] 스케줄러 작업 종료
[2025-09-04 16:45:00]  스케줄러가 실행되었습니다.
[2025-09-04 16:45:00] ETL 시도 1/2
[2025-09-04 16:46:20] ETL 성공, 실행 시간: 80.4s
[2025-09-04 16:46:20] 스케줄러 작업 종료
[2025-09-04 17:03:00]  스케줄러가 실행되었습니다.
[2025-09-04 17:03:00] ETL 시도 1/2
[2025-09-04 17:04:20] ETL 성공, 실행 시간: 80.4s
[2025-09-04 17:04:20] 스케줄러 작업 종료
[2025-09-04 17:15:00]  스케줄러가 실행되었습니다.
[2025-09-04 17:15:00] ETL 시도 1/2
[2025-09-04 17:16:34] ETL 성공, 실행 시간: 94.5s
[2025-09-04 17:16:34] 스케줄러 작업 종료
[2025-09-04 17:30:00]  스케줄러가 실행되었습니다.
[2025-09-04 17:30:00] ETL 시도 1/2
[2025-09-04 17:31:20] ETL 성공, 실행 시간: 80.1s
[2025-09-04 17:31:20] 스케줄러 작업 종료
[2025-09-04 17:45:00]  스케줄러가 실행되었습니다.
[2025-09-04 17:45:00] ETL 시도 1/2
[2025-09-04 17:46:26] ETL 성공, 실행 시간: 85.4s
[2025-09-04 17:46:26] 스케줄러 작업 종료
[2025-09-04 17:52:15] 스케줄러가 시작되었습니다.
[2025-09-04 17:55:00]  스케줄러가 실행되었습니다.
[2025-09-04 17:55:00] ETL 시도 1/2
[2025-09-04 17:56:25] ETL 성공, 실행 시간: 85.4s
[2025-09-04 17:56:25] 스케줄러 작업 종료
[2025-09-04 18:00:00]  스케줄러가 실행되었습니다.
[2025-09-04 18:00:00] ETL 시도 1/2
[2025-09-04 18:01:20] ETL 성공, 실행 시간: 79.7s
[2025-09-04 18:01:20] 스케줄러 작업 종료
[2025-09-04 18:02:59] 스케줄러가 시작되었습니다.
[2025-09-04 18:05:00]  스케줄러가 실행되었습니다.
[2025-09-04 18:05:00] ETL 시도 1/2
[2025-09-04 18:05:05] ETL 실패(시도 1): Pipeline exited with code 1
[2025-09-04 18:05:05] ⏳ 10s 후 재시도합니다…
[2025-09-04 18:05:15] ETL 시도 2/2
[2025-09-04 18:05:21] ETL 실패(시도 2): Pipeline exited with code 1
[2025-09-04 18:05:21] 이번 회차 최종 실패: Pipeline exited with code 1
[2025-09-04 18:05:21] 스케줄러 작업 종료
[2025-09-04 18:10:00]  스케줄러가 실행되었습니다.
[2025-09-04 18:10:00] ETL 시도 1/2
[2025-09-04 18:10:20] ETL 실패(시도 1): Pipeline exited with code 1
[2025-09-04 18:10:20] ⏳ 10s 후 재시도합니다…
[2025-09-04 18:10:30] ETL 시도 2/2
[2025-09-04 18:10:35] ETL 실패(시도 2): Pipeline exited with code 1
[2025-09-04 18:10:35] 이번 회차 최종 실패: Pipeline exited with code 1
[2025-09-04 18:10:35] 스케줄러 작업 종료
[2025-09-04 18:15:00]  스케줄러가 실행되었습니다.
[2025-09-04 18:15:00] ETL 시도 1/2
[2025-09-04 18:15:06] ETL 실패(시도 1): Pipeline exited with code 1
[2025-09-04 18:15:06] ⏳ 10s 후 재시도합니다…
[2025-09-04 18:15:16] ETL 시도 2/2
[2025-09-04 18:15:22] ETL 실패(시도 2): Pipeline exited with code 1
[2025-09-04 18:15:22] 이번 회차 최종 실패: Pipeline exited with code 1
[2025-09-04 18:15:22] 스케줄러 작업 종료
[2025-09-04 18:20:00]  스케줄러가 실행되었습니다.
[2025-09-04 18:20:00] ETL 시도 1/2
[2025-09-04 18:20:06] ETL 실패(시도 1): Pipeline exited with code 1
[2025-09-04 18:20:06] ⏳ 10s 후 재시도합니다…
[2025-09-04 18:20:16] ETL 시도 2/2
[2025-09-04 18:20:21] ETL 실패(시도 2): Pipeline exited with code 1
[2025-09-04 18:20:21] 이번 회차 최종 실패: Pipeline exited with code 1
[2025-09-04 18:20:21] 스케줄러 작업 종료
[2025-09-04 18:25:00]  스케줄러가 실행되었습니다.
[2025-09-04 18:25:00] ETL 시도 1/2
[2025-09-04 18:25:05] ETL 실패(시도 1): Pipeline exited with code 1
[2025-09-04 18:25:05] ⏳ 10s 후 재시도합니다…
[2025-09-04 18:25:15] ETL 시도 2/2
[2025-09-04 18:25:20] 스케줄러 작업 종료
[2025-09-04 18:27:53] 스케줄러가 시작되었습니다.
[2025-09-04 18:30:00]  스케줄러가 실행되었습니다.
[2025-09-04 18:30:00] ETL 시도 1/2
[2025-09-04 18:31:22] ETL 성공, 실행 시간: 81.8s
[2025-09-04 18:31:22] 스케줄러 작업 종료
[2025-09-04 18:35:00]  스케줄러가 실행되었습니다.
[2025-09-04 18:35:00] ETL 시도 1/2
[2025-09-04 18:36:21] ETL 성공, 실행 시간: 81.6s
[2025-09-04 18:36:21] 스케줄러 작업 종료
[2025-09-04 18:40:00]  스케줄러가 실행되었습니다.
[2025-09-04 18:40:00] ETL 시도 1/2
[2025-09-04 18:41:33] ETL 성공, 실행 시간: 92.9s
[2025-09-04 18:41:33] 스케줄러 작업 종료
[2025-09-04 18:45:00]  스케줄러가 실행되었습니다.
[2025-09-04 18:45:00] ETL 시도 1/2
[2025-09-04 18:46:26] ETL 성공, 실행 시간: 85.9s
[2025-09-04 18:46:26] 스케줄러 작업 종료
[2025-09-04 18:53:09] 스케줄러가 시작되었습니다.
[2025-09-04 18:55:00]  스케줄러가 실행되었습니다.
[2025-09-04 18:55:00] ETL 시도 1/2
[2025-09-04 18:56:19] ETL 성공, 실행 시간: 78.7s
[2025-09-04 18:56:19] 스케줄러 작업 종료
[2025-09-04 19:00:00]  스케줄러가 실행되었습니다.
[2025-09-04 19:00:00] ETL 시도 1/2
[2025-09-04 19:01:23] ETL 성공, 실행 시간: 82.5s
[2025-09-04 19:01:23] 스케줄러 작업 종료
[2025-09-04 19:21:17] 스케줄러가 시작되었습니다.
[2025-09-04 19:25:00]  스케줄러가 실행되었습니다.
[2025-09-04 19:25:00] ETL 시도 1/2
[2025-09-04 19:26:24] ETL 성공, 실행 시간: 84.5s
[2025-09-04 19:26:24] 스케줄러 작업 종료
[2025-09-04 19:30:00]  스케줄러가 실행되었습니다.
[2025-09-04 19:30:00] ETL 시도 1/2
[2025-09-04 19:31:26] ETL 성공, 실행 시간: 86.1s
[2025-09-04 19:31:26] 스케줄러 작업 종료
[2025-09-04 19:35:01]  스케줄러가 실행되었습니다.
[2025-09-04 19:35:01] ETL 시도 1/2
[2025-09-04 19:36:25] ETL 성공, 실행 시간: 84.3s
[2025-09-04 19:36:25] 스케줄러 작업 종료
[2025-09-04 19:40:00]  스케줄러가 실행되었습니다.
[2025-09-04 19:40:00] ETL 시도 1/2
[2025-09-04 19:41:23] ETL 성공, 실행 시간: 82.9s
[2025-09-04 19:41:23] 스케줄러 작업 종료
[2025-09-04 19:45:00]  스케줄러가 실행되었습니다.
[2025-09-04 19:45:00] ETL 시도 1/2
[2025-09-04 19:46:26] ETL 성공, 실행 시간: 85.8s
[2025-09-04 19:46:26] 스케줄러 작업 종료
[2025-09-04 19:50:00]  스케줄러가 실행되었습니다.
[2025-09-04 19:50:00] ETL 시도 1/2
[2025-09-04 19:51:27] ETL 성공, 실행 시간: 87.2s
[2025-09-04 19:51:27] 스케줄러 작업 종료
[2025-09-04 19:55:00]  스케줄러가 실행되었습니다.
[2025-09-04 19:55:00] ETL 시도 1/2
[2025-09-04 19:56:26] ETL 성공, 실행 시간: 85.4s
[2025-09-04 19:56:26] 스케줄러 작업 종료
[2025-09-04 20:00:00]  스케줄러가 실행되었습니다.
[2025-09-04 20:00:00] ETL 시도 1/2
[2025-09-04 20:01:34] ETL 성공, 실행 시간: 94.5s
[2025-09-04 20:01:34] 스케줄러 작업 종료
[2025-09-04 20:05:00]  스케줄러가 실행되었습니다.
[2025-09-04 20:05:00] ETL 시도 1/2
[2025-09-04 20:06:38] ETL 성공, 실행 시간: 98.0s
[2025-09-04 20:06:38] 스케줄러 작업 종료
[2025-09-04 20:10:00]  스케줄러가 실행되었습니다.
[2025-09-04 20:10:00] ETL 시도 1/2
[2025-09-04 20:11:22] ETL 성공, 실행 시간: 82.6s
[2025-09-04 20:11:22] 스케줄러 작업 종료
[2025-09-04 20:15:00]  스케줄러가 실행되었습니다.
[2025-09-04 20:15:00] ETL 시도 1/2
[2025-09-04 20:16:25] ETL 성공, 실행 시간: 84.1s
[2025-09-04 20:16:25] 스케줄러 작업 종료
[2025-09-04 20:20:00]  스케줄러가 실행되었습니다.
[2025-09-04 20:20:00] ETL 시도 1/2
[2025-09-04 20:21:26] ETL 성공, 실행 시간: 85.8s
[2025-09-04 20:21:26] 스케줄러 작업 종료
[2025-09-04 20:25:00]  스케줄러가 실행되었습니다.
[2025-09-04 20:25:00] ETL 시도 1/2
[2025-09-04 20:26:42] ETL 성공, 실행 시간: 102.7s
[2025-09-04 20:26:42] 스케줄러 작업 종료
[2025-09-04 20:30:00]  스케줄러가 실행되었습니다.
[2025-09-04 20:30:00] ETL 시도 1/2
[2025-09-04 20:31:22] ETL 성공, 실행 시간: 81.5s
[2025-09-04 20:31:22] 스케줄러 작업 종료
[2025-09-04 20:35:00]  스케줄러가 실행되었습니다.
[2025-09-04 20:35:00] ETL 시도 1/2
[2025-09-04 20:36:29] ETL 성공, 실행 시간: 88.6s
[2025-09-04 20:36:29] 스케줄러 작업 종료
[2025-09-04 20:40:00]  스케줄러가 실행되었습니다.
[2025-09-04 20:40:00] ETL 시도 1/2
[2025-09-04 20:41:25] ETL 성공, 실행 시간: 85.3s
[2025-09-04 20:41:25] 스케줄러 작업 종료
[2025-09-04 20:45:00]  스케줄러가 실행되었습니다.
[2025-09-04 20:45:00] ETL 시도 1/2
[2025-09-04 20:46:21] ETL 성공, 실행 시간: 80.5s
[2025-09-04 20:46:21] 스케줄러 작업 종료
[2025-09-04 20:50:00]  스케줄러가 실행되었습니다.
[2025-09-04 20:50:00] ETL 시도 1/2
[2025-09-04 20:51:20] ETL 성공, 실행 시간: 79.8s
[2025-09-04 20:51:20] 스케줄러 작업 종료
[2025-09-04 20:55:00]  스케줄러가 실행되었습니다.
[2025-09-04 20:55:00] ETL 시도 1/2
[2025-09-04 20:56:19] ETL 성공, 실행 시간: 79.1s
[2025-09-04 20:56:19] 스케줄러 작업 종료
[2025-09-04 21:00:00]  스케줄러가 실행되었습니다.
[2025-09-04 21:00:00] ETL 시도 1/2
[2025-09-04 21:01:39] ETL 성공, 실행 시간: 98.8s
[2025-09-04 21:01:39] 스케줄러 작업 종료
[2025-09-04 21:05:00]  스케줄러가 실행되었습니다.
[2025-09-04 21:05:00] ETL 시도 1/2
[2025-09-04 21:06:28] ETL 성공, 실행 시간: 87.8s
[2025-09-04 21:06:28] 스케줄러 작업 종료
[2025-09-04 21:10:00]  스케줄러가 실행되었습니다.
[2025-09-04 21:10:00] ETL 시도 1/2
[2025-09-04 21:11:23] ETL 성공, 실행 시간: 82.9s
[2025-09-04 21:11:23] 스케줄러 작업 종료
[2025-09-04 21:15:00]  스케줄러가 실행되었습니다.
[2025-09-04 21:15:00] ETL 시도 1/2
[2025-09-04 21:16:24] ETL 성공, 실행 시간: 84.2s
[2025-09-04 21:16:24] 스케줄러 작업 종료
[2025-09-04 21:46:44] 스케줄러가 시작되었습니다.
[2025-09-04 21:47:19] 스케줄러가 시작되었습니다.
[2025-09-04 21:50:00]  스케줄러가 실행되었습니다.
[2025-09-04 21:50:00] ETL 시도 1/2
[2025-09-04 21:51:23] ETL 성공, 실행 시간: 83.8s
[2025-09-04 21:51:23] 스케줄러 작업 종료
[2025-09-04 21:55:00]  스케줄러가 실행되었습니다.
[2025-09-04 21:55:00] ETL 시도 1/2
[2025-09-04 21:56:23] ETL 성공, 실행 시간: 83.0s
[2025-09-04 21:56:23] 스케줄러 작업 종료
[2025-09-04 22:00:00]  스케줄러가 실행되었습니다.
[2025-09-04 22:00:00] ETL 시도 1/2
[2025-09-04 22:00:32] ETL 실패(시도 1): Pipeline exited with code 1
[2025-09-04 22:00:32] ⏳ 10s 후 재시도합니다…
[2025-09-04 22:00:42] ETL 시도 2/2
[2025-09-04 22:02:27] ETL 성공, 실행 시간: 146.9s
[2025-09-04 22:02:27] 스케줄러 작업 종료
[2025-09-04 22:05:00]  스케줄러가 실행되었습니다.
[2025-09-04 22:05:00] ETL 시도 1/2
[2025-09-04 22:06:32] ETL 성공, 실행 시간: 92.7s
[2025-09-04 22:06:32] 스케줄러 작업 종료
[2025-09-04 22:10:00]  스케줄러가 실행되었습니다.
[2025-09-04 22:10:00] ETL 시도 1/2
[2025-09-04 22:11:21] ETL 성공, 실행 시간: 81.0s
[2025-09-04 22:11:21] 스케줄러 작업 종료
[2025-09-04 22:15:00]  스케줄러가 실행되었습니다.
[2025-09-04 22:15:00] ETL 시도 1/2
[2025-09-04 22:16:20] ETL 성공, 실행 시간: 80.6s
[2025-09-04 22:16:20] 스케줄러 작업 종료
[2025-09-04 22:20:00]  스케줄러가 실행되었습니다.
[2025-09-04 22:20:00] ETL 시도 1/2
[2025-09-04 22:21:17] ETL 성공, 실행 시간: 77.1s
[2025-09-04 22:21:17] 스케줄러 작업 종료
[2025-09-04 22:25:00]  스케줄러가 실행되었습니다.
[2025-09-04 22:25:00] ETL 시도 1/2
[2025-09-04 22:26:21] ETL 성공, 실행 시간: 81.6s
[2025-09-04 22:26:21] 스케줄러 작업 종료
[2025-09-04 22:30:00]  스케줄러가 실행되었습니다.
[2025-09-04 22:30:00] ETL 시도 1/2
[2025-09-04 22:31:27] ETL 성공, 실행 시간: 87.6s
[2025-09-04 22:31:27] 스케줄러 작업 종료
[2025-09-04 22:35:00]  스케줄러가 실행되었습니다.
[2025-09-04 22:35:00] ETL 시도 1/2
[2025-09-04 22:36:21] ETL 성공, 실행 시간: 80.7s
[2025-09-04 22:36:21] 스케줄러 작업 종료
[2025-09-04 22:40:00]  스케줄러가 실행되었습니다.
[2025-09-04 22:40:00] ETL 시도 1/2
[2025-09-04 22:41:29] ETL 성공, 실행 시간: 88.8s
[2025-09-04 22:41:29] 스케줄러 작업 종료
[2025-09-04 22:45:00]  스케줄러가 실행되었습니다.
[2025-09-04 22:45:00] ETL 시도 1/2
[2025-09-04 22:46:24] ETL 성공, 실행 시간: 83.5s
[2025-09-04 22:46:24] 스케줄러 작업 종료
[2025-09-04 22:50:00]  스케줄러가 실행되었습니다.
[2025-09-04 22:50:00] ETL 시도 1/2
[2025-09-04 22:51:22] ETL 성공, 실행 시간: 82.7s
[2025-09-04 22:51:22] 스케줄러 작업 종료
[2025-09-04 22:55:00]  스케줄러가 실행되었습니다.
[2025-09-04 22:55:00] ETL 시도 1/2
[2025-09-04 22:56:28] ETL 성공, 실행 시간: 88.1s
[2025-09-04 22:56:28] 스케줄러 작업 종료
[2025-09-04 23:00:00]  스케줄러가 실행되었습니다.
[2025-09-04 23:00:00] ETL 시도 1/2
[2025-09-04 23:01:22] ETL 성공, 실행 시간: 82.3s
[2025-09-04 23:01:22] 스케줄러 작업 종료
[2025-09-04 23:05:00]  스케줄러가 실행되었습니다.
[2025-09-04 23:05:00] ETL 시도 1/2
[2025-09-04 23:06:34] ETL 성공, 실행 시간: 93.9s
[2025-09-04 23:06:34] 스케줄러 작업 종료
[2025-09-04 23:10:00]  스케줄러가 실행되었습니다.
[2025-09-04 23:10:00] ETL 시도 1/2
[2025-09-04 23:11:44] ETL 성공, 실행 시간: 103.8s
[2025-09-04 23:11:44] 스케줄러 작업 종료
[2025-09-04 23:15:00]  스케줄러가 실행되었습니다.
[2025-09-04 23:15:00] ETL 시도 1/2
[2025-09-04 23:16:32] ETL 성공, 실행 시간: 92.0s
[2025-09-04 23:16:32] 스케줄러 작업 종료
[2025-09-04 23:20:00]  스케줄러가 실행되었습니다.
[2025-09-04 23:20:00] ETL 시도 1/2
[2025-09-04 23:21:30] ETL 성공, 실행 시간: 89.1s
[2025-09-04 23:21:30] 스케줄러 작업 종료
[2025-09-04 23:25:00]  스케줄러가 실행되었습니다.
[2025-09-04 23:25:00] ETL 시도 1/2
[2025-09-04 23:26:24] ETL 성공, 실행 시간: 83.8s
[2025-09-04 23:26:24] 스케줄러 작업 종료
[2025-09-04 23:30:00]  스케줄러가 실행되었습니다.
[2025-09-04 23:30:00] ETL 시도 1/2
[2025-09-04 23:31:24] ETL 성공, 실행 시간: 84.3s
[2025-09-04 23:31:24] 스케줄러 작업 종료
[2025-09-04 23:35:00]  스케줄러가 실행되었습니다.
[2025-09-04 23:35:00] ETL 시도 1/2
[2025-09-04 23:36:42] ETL 성공, 실행 시간: 101.6s
[2025-09-04 23:36:42] 스케줄러 작업 종료
[2025-09-04 23:40:00]  스케줄러가 실행되었습니다.
[2025-09-04 23:40:00] ETL 시도 1/2
[2025-09-04 23:41:25] ETL 성공, 실행 시간: 85.2s
[2025-09-04 23:41:25] 스케줄러 작업 종료
[2025-09-04 23:45:00]  스케줄러가 실행되었습니다.
[2025-09-04 23:45:00] ETL 시도 1/2
[2025-09-04 23:46:19] ETL 성공, 실행 시간: 78.8s
[2025-09-04 23:46:19] 스케줄러 작업 종료
[2025-09-04 23:50:00]  스케줄러가 실행되었습니다.
[2025-09-04 23:50:00] ETL 시도 1/2
[2025-09-04 23:51:25] ETL 성공, 실행 시간: 84.5s
[2025-09-04 23:51:25] 스케줄러 작업 종료
[2025-09-04 23:55:00]  스케줄러가 실행되었습니다.
[2025-09-04 23:55:00] ETL 시도 1/2
[2025-09-04 23:56:21] ETL 성공, 실행 시간: 80.7s
[2025-09-04 23:56:21] 스케줄러 작업 종료
[2025-09-05 00:00:00]  스케줄러가 실행되었습니다.
[2025-09-05 00:00:00] ETL 시도 1/2
[2025-09-05 00:00:31] ETL 실패(시도 1): Pipeline exited with code 1
[2025-09-05 00:00:31] ⏳ 10s 후 재시도합니다…
[2025-09-05 00:00:41] ETL 시도 2/2
[2025-09-05 00:02:13] ETL 성공, 실행 시간: 133.3s
[2025-09-05 00:02:13] 스케줄러 작업 종료
[2025-09-05 00:05:00]  스케줄러가 실행되었습니다.
[2025-09-05 00:05:00] ETL 시도 1/2
[2025-09-05 00:06:32] ETL 성공, 실행 시간: 91.4s
[2025-09-05 00:06:32] 스케줄러 작업 종료
[2025-09-05 00:10:00]  스케줄러가 실행되었습니다.
[2025-09-05 00:10:00] ETL 시도 1/2
[2025-09-05 00:11:19] ETL 성공, 실행 시간: 78.9s
[2025-09-05 00:11:19] 스케줄러 작업 종료
[2025-09-05 00:15:00]  스케줄러가 실행되었습니다.
[2025-09-05 00:15:00] ETL 시도 1/2
[2025-09-05 00:16:21] ETL 성공, 실행 시간: 80.9s
[2025-09-05 00:16:21] 스케줄러 작업 종료
[2025-09-05 00:20:00]  스케줄러가 실행되었습니다.
[2025-09-05 00:20:00] ETL 시도 1/2
[2025-09-05 00:21:21] ETL 성공, 실행 시간: 81.1s
[2025-09-05 00:21:21] 스케줄러 작업 종료
[2025-09-05 00:25:00]  스케줄러가 실행되었습니다.
[2025-09-05 00:25:00] ETL 시도 1/2
[2025-09-05 00:26:23] ETL 성공, 실행 시간: 82.6s
[2025-09-05 00:26:23] 스케줄러 작업 종료
[2025-09-05 00:30:00]  스케줄러가 실행되었습니다.
[2025-09-05 00:30:00] ETL 시도 1/2
[2025-09-05 00:31:18] ETL 성공, 실행 시간: 78.7s
[2025-09-05 00:31:18] 스케줄러 작업 종료
[2025-09-05 00:35:00]  스케줄러가 실행되었습니다.
[2025-09-05 00:35:00] ETL 시도 1/2
[2025-09-05 00:35:27] ETL 실패(시도 1): Pipeline exited with code 1
[2025-09-05 00:35:27] ⏳ 10s 후 재시도합니다…
[2025-09-05 00:35:37] ETL 시도 2/2
[2025-09-05 00:36:59] ETL 성공, 실행 시간: 119.3s
[2025-09-05 00:36:59] 스케줄러 작업 종료
[2025-09-05 00:40:00]  스케줄러가 실행되었습니다.
[2025-09-05 00:40:00] ETL 시도 1/2
[2025-09-05 00:41:17] ETL 성공, 실행 시간: 77.4s
[2025-09-05 00:41:17] 스케줄러 작업 종료
[2025-09-05 00:45:00]  스케줄러가 실행되었습니다.
[2025-09-05 00:45:00] ETL 시도 1/2
[2025-09-05 00:46:20] ETL 성공, 실행 시간: 80.8s
[2025-09-05 00:46:20] 스케줄러 작업 종료
[2025-09-05 00:50:00]  스케줄러가 실행되었습니다.
[2025-09-05 00:50:00] ETL 시도 1/2
[2025-09-05 00:51:21] ETL 성공, 실행 시간: 80.5s
[2025-09-05 00:51:21] 스케줄러 작업 종료
[2025-09-05 00:55:00]  스케줄러가 실행되었습니다.
[2025-09-05 00:55:00] ETL 시도 1/2
[2025-09-05 00:56:17] ETL 성공, 실행 시간: 76.9s
[2025-09-05 00:56:17] 스케줄러 작업 종료
[2025-09-05 01:00:00]  스케줄러가 실행되었습니다.
[2025-09-05 01:00:00] ETL 시도 1/2
[2025-09-05 01:01:19] ETL 성공, 실행 시간: 78.3s
[2025-09-05 01:01:19] 스케줄러 작업 종료
[2025-09-05 01:05:00]  스케줄러가 실행되었습니다.
[2025-09-05 01:05:00] ETL 시도 1/2
[2025-09-05 01:07:11] ETL 성공, 실행 시간: 130.8s
[2025-09-05 01:07:11] 스케줄러 작업 종료
[2025-09-05 01:10:00]  스케줄러가 실행되었습니다.
[2025-09-05 01:10:00] ETL 시도 1/2
[2025-09-05 01:11:40] ETL 성공, 실행 시간: 100.8s
[2025-09-05 01:11:40] 스케줄러 작업 종료
[2025-09-05 01:15:00]  스케줄러가 실행되었습니다.
[2025-09-05 01:15:00] ETL 시도 1/2
[2025-09-05 01:16:37] ETL 성공, 실행 시간: 96.9s
[2025-09-05 01:16:37] 스케줄러 작업 종료
[2025-09-05 01:20:00]  스케줄러가 실행되었습니다.
[2025-09-05 01:20:00] ETL 시도 1/2
[2025-09-05 01:21:24] ETL 성공, 실행 시간: 84.2s
[2025-09-05 01:21:24] 스케줄러 작업 종료
[2025-09-05 01:25:00]  스케줄러가 실행되었습니다.
[2025-09-05 01:25:00] ETL 시도 1/2
[2025-09-05 01:26:18] ETL 성공, 실행 시간: 77.7s
[2025-09-05 01:26:18] 스케줄러 작업 종료
[2025-09-05 01:30:00]  스케줄러가 실행되었습니다.
[2025-09-05 01:30:00] ETL 시도 1/2
[2025-09-05 01:31:16] ETL 성공, 실행 시간: 75.7s
[2025-09-05 01:31:16] 스케줄러 작업 종료
[2025-09-05 01:35:00]  스케줄러가 실행되었습니다.
[2025-09-05 01:35:00] ETL 시도 1/2
[2025-09-05 01:36:17] ETL 성공, 실행 시간: 77.4s
[2025-09-05 01:36:17] 스케줄러 작업 종료
[2025-09-05 01:40:00]  스케줄러가 실행되었습니다.
[2025-09-05 01:40:00] ETL 시도 1/2
[2025-09-05 01:41:18] ETL 성공, 실행 시간: 77.1s
[2025-09-05 01:41:18] 스케줄러 작업 종료
[2025-09-05 01:45:00]  스케줄러가 실행되었습니다.
[2025-09-05 01:45:00] ETL 시도 1/2
[2025-09-05 01:46:17] ETL 성공, 실행 시간: 77.3s
[2025-09-05 01:46:17] 스케줄러 작업 종료
[2025-09-05 01:50:00]  스케줄러가 실행되었습니다.
[2025-09-05 01:50:00] ETL 시도 1/2
[2025-09-05 01:51:20] ETL 성공, 실행 시간: 79.5s
[2025-09-05 01:51:20] 스케줄러 작업 종료
[2025-09-05 01:55:00]  스케줄러가 실행되었습니다.
[2025-09-05 01:55:00] ETL 시도 1/2
[2025-09-05 01:56:16] ETL 성공, 실행 시간: 76.4s
[2025-09-05 01:56:16] 스케줄러 작업 종료
[2025-09-05 02:00:00]  스케줄러가 실행되었습니다.
[2025-09-05 02:00:00] ETL 시도 1/2
[2025-09-05 02:01:23] ETL 성공, 실행 시간: 82.5s
[2025-09-05 02:01:23] 스케줄러 작업 종료
[2025-09-05 02:05:00]  스케줄러가 실행되었습니다.
[2025-09-05 02:05:00] ETL 시도 1/2
[2025-09-05 02:06:19] ETL 성공, 실행 시간: 79.3s
[2025-09-05 02:06:19] 스케줄러 작업 종료
[2025-09-05 02:10:00]  스케줄러가 실행되었습니다.
[2025-09-05 02:10:00] ETL 시도 1/2
[2025-09-05 02:11:19] ETL 성공, 실행 시간: 79.5s
[2025-09-05 02:11:19] 스케줄러 작업 종료
[2025-09-05 02:15:00]  스케줄러가 실행되었습니다.
[2025-09-05 02:15:00] ETL 시도 1/2
[2025-09-05 02:16:17] ETL 성공, 실행 시간: 76.4s
[2025-09-05 02:16:17] 스케줄러 작업 종료
[2025-09-05 02:20:00]  스케줄러가 실행되었습니다.
[2025-09-05 02:20:00] ETL 시도 1/2
[2025-09-05 02:21:18] ETL 성공, 실행 시간: 78.6s
[2025-09-05 02:21:18] 스케줄러 작업 종료
[2025-09-05 02:25:00]  스케줄러가 실행되었습니다.
[2025-09-05 02:25:00] ETL 시도 1/2
[2025-09-05 02:26:15] ETL 성공, 실행 시간: 75.3s
[2025-09-05 02:26:15] 스케줄러 작업 종료
[2025-09-05 02:30:00]  스케줄러가 실행되었습니다.
[2025-09-05 02:30:00] ETL 시도 1/2
[2025-09-05 02:31:20] ETL 성공, 실행 시간: 79.6s
[2025-09-05 02:31:20] 스케줄러 작업 종료
[2025-09-05 02:35:00]  스케줄러가 실행되었습니다.
[2025-09-05 02:35:00] ETL 시도 1/2
[2025-09-05 02:36:16] ETL 성공, 실행 시간: 75.8s
[2025-09-05 02:36:16] 스케줄러 작업 종료
[2025-09-05 02:40:00]  스케줄러가 실행되었습니다.
[2025-09-05 02:40:00] ETL 시도 1/2
[2025-09-05 02:41:17] ETL 성공, 실행 시간: 76.9s
[2025-09-05 02:41:17] 스케줄러 작업 종료
[2025-09-05 02:45:00]  스케줄러가 실행되었습니다.
[2025-09-05 02:45:00] ETL 시도 1/2
[2025-09-05 02:46:18] ETL 성공, 실행 시간: 78.5s
[2025-09-05 02:46:18] 스케줄러 작업 종료
[2025-09-05 02:50:00]  스케줄러가 실행되었습니다.
[2025-09-05 02:50:00] ETL 시도 1/2
[2025-09-05 02:51:31] ETL 성공, 실행 시간: 90.6s
[2025-09-05 02:51:31] 스케줄러 작업 종료
[2025-09-05 02:55:00]  스케줄러가 실행되었습니다.
[2025-09-05 02:55:00] ETL 시도 1/2
[2025-09-05 02:56:18] ETL 성공, 실행 시간: 78.1s
[2025-09-05 02:56:18] 스케줄러 작업 종료
[2025-09-05 03:00:00]  스케줄러가 실행되었습니다.
[2025-09-05 03:00:00] ETL 시도 1/2
[2025-09-05 03:01:24] ETL 성공, 실행 시간: 83.4s
[2025-09-05 03:01:24] 스케줄러 작업 종료
[2025-09-05 03:05:00]  스케줄러가 실행되었습니다.
[2025-09-05 03:05:00] ETL 시도 1/2
[2025-09-05 03:06:18] ETL 성공, 실행 시간: 78.2s
[2025-09-05 03:06:18] 스케줄러 작업 종료
[2025-09-05 03:10:00]  스케줄러가 실행되었습니다.
[2025-09-05 03:10:00] ETL 시도 1/2
[2025-09-05 03:11:19] ETL 성공, 실행 시간: 78.7s
[2025-09-05 03:11:19] 스케줄러 작업 종료
[2025-09-05 03:15:00]  스케줄러가 실행되었습니다.
[2025-09-05 03:15:00] ETL 시도 1/2
[2025-09-05 03:16:20] ETL 성공, 실행 시간: 79.8s
[2025-09-05 03:16:20] 스케줄러 작업 종료
[2025-09-05 03:20:00]  스케줄러가 실행되었습니다.
[2025-09-05 03:20:00] ETL 시도 1/2
[2025-09-05 03:21:23] ETL 성공, 실행 시간: 83.1s
[2025-09-05 03:21:23] 스케줄러 작업 종료
[2025-09-05 03:25:00]  스케줄러가 실행되었습니다.
[2025-09-05 03:25:00] ETL 시도 1/2
[2025-09-05 03:26:23] ETL 성공, 실행 시간: 83.0s
[2025-09-05 03:26:23] 스케줄러 작업 종료
[2025-09-05 03:30:00]  스케줄러가 실행되었습니다.
[2025-09-05 03:30:00] ETL 시도 1/2
[2025-09-05 03:31:16] ETL 성공, 실행 시간: 76.0s
[2025-09-05 03:31:16] 스케줄러 작업 종료
[2025-09-05 03:35:00]  스케줄러가 실행되었습니다.
[2025-09-05 03:35:00] ETL 시도 1/2
[2025-09-05 03:36:17] ETL 성공, 실행 시간: 77.1s
[2025-09-05 03:36:17] 스케줄러 작업 종료
[2025-09-05 03:40:00]  스케줄러가 실행되었습니다.
[2025-09-05 03:40:00] ETL 시도 1/2
[2025-09-05 03:41:19] ETL 성공, 실행 시간: 79.0s
[2025-09-05 03:41:19] 스케줄러 작업 종료
[2025-09-05 03:45:00]  스케줄러가 실행되었습니다.
[2025-09-05 03:45:00] ETL 시도 1/2
[2025-09-05 03:46:19] ETL 성공, 실행 시간: 79.1s
[2025-09-05 03:46:19] 스케줄러 작업 종료
[2025-09-05 03:50:00]  스케줄러가 실행되었습니다.
[2025-09-05 03:50:00] ETL 시도 1/2
[2025-09-05 03:51:16] ETL 성공, 실행 시간: 75.7s
[2025-09-05 03:51:16] 스케줄러 작업 종료
[2025-09-05 03:55:00]  스케줄러가 실행되었습니다.
[2025-09-05 03:55:00] ETL 시도 1/2
[2025-09-05 03:56:20] ETL 성공, 실행 시간: 79.5s
[2025-09-05 03:56:20] 스케줄러 작업 종료
[2025-09-05 04:00:00]  스케줄러가 실행되었습니다.
[2025-09-05 04:00:00] ETL 시도 1/2
[2025-09-05 04:01:22] ETL 성공, 실행 시간: 81.7s
[2025-09-05 04:01:22] 스케줄러 작업 종료
[2025-09-05 04:05:00]  스케줄러가 실행되었습니다.
[2025-09-05 04:05:00] ETL 시도 1/2
[2025-09-05 04:06:20] ETL 성공, 실행 시간: 79.9s
[2025-09-05 04:06:20] 스케줄러 작업 종료
[2025-09-05 04:10:00]  스케줄러가 실행되었습니다.
[2025-09-05 04:10:00] ETL 시도 1/2
[2025-09-05 04:11:15] ETL 성공, 실행 시간: 75.2s
[2025-09-05 04:11:15] 스케줄러 작업 종료
[2025-09-05 04:15:00]  스케줄러가 실행되었습니다.
[2025-09-05 04:15:00] ETL 시도 1/2
[2025-09-05 04:16:18] ETL 성공, 실행 시간: 77.9s
[2025-09-05 04:16:18] 스케줄러 작업 종료
[2025-09-05 04:20:00]  스케줄러가 실행되었습니다.
[2025-09-05 04:20:00] ETL 시도 1/2
[2025-09-05 04:21:18] ETL 성공, 실행 시간: 77.5s
[2025-09-05 04:21:18] 스케줄러 작업 종료
[2025-09-05 04:25:00]  스케줄러가 실행되었습니다.
[2025-09-05 04:25:00] ETL 시도 1/2
[2025-09-05 04:25:13] ETL 실패(시도 1): Pipeline exited with code 1
[2025-09-05 04:25:13] ⏳ 10s 후 재시도합니다…
[2025-09-05 04:25:23] ETL 시도 2/2
[2025-09-05 04:25:35] ETL 실패(시도 2): Pipeline exited with code 1
[2025-09-05 04:25:35] 이번 회차 최종 실패: Pipeline exited with code 1
[2025-09-05 04:25:35] 스케줄러 작업 종료
[2025-09-05 04:30:00]  스케줄러가 실행되었습니다.
[2025-09-05 04:30:00] ETL 시도 1/2
[2025-09-05 04:31:20] ETL 성공, 실행 시간: 79.6s
[2025-09-05 04:31:20] 스케줄러 작업 종료
[2025-09-05 04:35:00]  스케줄러가 실행되었습니다.
[2025-09-05 04:35:00] ETL 시도 1/2
[2025-09-05 04:36:17] ETL 성공, 실행 시간: 76.9s
[2025-09-05 04:36:17] 스케줄러 작업 종료
[2025-09-05 04:40:00]  스케줄러가 실행되었습니다.
[2025-09-05 04:40:00] ETL 시도 1/2
[2025-09-05 04:41:21] ETL 성공, 실행 시간: 80.8s
[2025-09-05 04:41:21] 스케줄러 작업 종료
[2025-09-05 04:45:00]  스케줄러가 실행되었습니다.
[2025-09-05 04:45:00] ETL 시도 1/2
[2025-09-05 04:46:24] ETL 성공, 실행 시간: 84.0s
[2025-09-05 04:46:24] 스케줄러 작업 종료
[2025-09-05 04:50:00]  스케줄러가 실행되었습니다.
[2025-09-05 04:50:00] ETL 시도 1/2
[2025-09-05 04:51:18] ETL 성공, 실행 시간: 77.7s
[2025-09-05 04:51:18] 스케줄러 작업 종료
[2025-09-05 04:55:00]  스케줄러가 실행되었습니다.
[2025-09-05 04:55:00] ETL 시도 1/2
[2025-09-05 04:56:18] ETL 성공, 실행 시간: 77.7s
[2025-09-05 04:56:18] 스케줄러 작업 종료
[2025-09-05 05:00:00]  스케줄러가 실행되었습니다.
[2025-09-05 05:00:00] ETL 시도 1/2
[2025-09-05 05:01:23] ETL 성공, 실행 시간: 83.3s
[2025-09-05 05:01:23] 스케줄러 작업 종료
[2025-09-05 05:05:00]  스케줄러가 실행되었습니다.
[2025-09-05 05:05:00] ETL 시도 1/2
[2025-09-05 05:06:20] ETL 성공, 실행 시간: 79.5s
[2025-09-05 05:06:20] 스케줄러 작업 종료
[2025-09-05 05:10:00]  스케줄러가 실행되었습니다.
[2025-09-05 05:10:00] ETL 시도 1/2
[2025-09-05 05:11:17] ETL 성공, 실행 시간: 76.9s
[2025-09-05 05:11:17] 스케줄러 작업 종료
[2025-09-05 05:15:00]  스케줄러가 실행되었습니다.
[2025-09-05 05:15:00] ETL 시도 1/2
[2025-09-05 05:16:17] ETL 성공, 실행 시간: 76.8s
[2025-09-05 05:16:17] 스케줄러 작업 종료
[2025-09-05 05:20:00]  스케줄러가 실행되었습니다.
[2025-09-05 05:20:00] ETL 시도 1/2
[2025-09-05 05:21:18] ETL 성공, 실행 시간: 78.4s
[2025-09-05 05:21:18] 스케줄러 작업 종료
[2025-09-05 05:25:00]  스케줄러가 실행되었습니다.
[2025-09-05 05:25:00] ETL 시도 1/2
[2025-09-05 05:26:18] ETL 성공, 실행 시간: 78.6s
[2025-09-05 05:26:18] 스케줄러 작업 종료
[2025-09-05 05:30:00]  스케줄러가 실행되었습니다.
[2025-09-05 05:30:00] ETL 시도 1/2
[2025-09-05 05:30:13] ETL 실패(시도 1): Pipeline exited with code 1
[2025-09-05 05:30:13] ⏳ 10s 후 재시도합니다…
[2025-09-05 05:30:23] ETL 시도 2/2
[2025-09-05 05:30:35] ETL 실패(시도 2): Pipeline exited with code 1
[2025-09-05 05:30:35] 이번 회차 최종 실패: Pipeline exited with code 1
[2025-09-05 05:30:35] 스케줄러 작업 종료
[2025-09-05 05:35:00]  스케줄러가 실행되었습니다.
[2025-09-05 05:35:00] ETL 시도 1/2
[2025-09-05 05:36:19] ETL 성공, 실행 시간: 79.8s
[2025-09-05 05:36:19] 스케줄러 작업 종료
[2025-09-05 05:40:00]  스케줄러가 실행되었습니다.
[2025-09-05 05:40:00] ETL 시도 1/2
[2025-09-05 05:41:18] ETL 성공, 실행 시간: 78.8s
[2025-09-05 05:41:18] 스케줄러 작업 종료
[2025-09-05 05:45:00]  스케줄러가 실행되었습니다.
[2025-09-05 05:45:00] ETL 시도 1/2
[2025-09-05 05:45:11] ETL 실패(시도 1): Pipeline exited with code 1
[2025-09-05 05:45:12] ⏳ 10s 후 재시도합니다…
[2025-09-05 05:45:22] ETL 시도 2/2
[2025-09-05 05:45:34] ETL 실패(시도 2): Pipeline exited with code 1
[2025-09-05 05:45:34] 이번 회차 최종 실패: Pipeline exited with code 1
[2025-09-05 05:45:34] 스케줄러 작업 종료
[2025-09-05 05:50:00]  스케줄러가 실행되었습니다.
[2025-09-05 05:50:00] ETL 시도 1/2
[2025-09-05 05:51:30] ETL 성공, 실행 시간: 89.8s
[2025-09-05 05:51:30] 스케줄러 작업 종료
[2025-09-05 05:55:00]  스케줄러가 실행되었습니다.
[2025-09-05 05:55:00] ETL 시도 1/2
[2025-09-05 05:56:17] ETL 성공, 실행 시간: 76.7s
[2025-09-05 05:56:17] 스케줄러 작업 종료
[2025-09-05 06:00:00]  스케줄러가 실행되었습니다.
[2025-09-05 06:00:00] ETL 시도 1/2
[2025-09-05 06:01:20] ETL 성공, 실행 시간: 80.3s
[2025-09-05 06:01:20] 스케줄러 작업 종료
[2025-09-05 06:05:00]  스케줄러가 실행되었습니다.
[2025-09-05 06:05:00] ETL 시도 1/2
[2025-09-05 06:06:23] ETL 성공, 실행 시간: 82.6s
[2025-09-05 06:06:23] 스케줄러 작업 종료
[2025-09-05 06:10:00]  스케줄러가 실행되었습니다.
[2025-09-05 06:10:00] ETL 시도 1/2
[2025-09-05 06:11:19] ETL 성공, 실행 시간: 79.2s
[2025-09-05 06:11:19] 스케줄러 작업 종료
[2025-09-05 06:15:00]  스케줄러가 실행되었습니다.
[2025-09-05 06:15:00] ETL 시도 1/2
[2025-09-05 06:16:12] ETL 성공, 실행 시간: 72.6s
[2025-09-05 06:16:12] 스케줄러 작업 종료
[2025-09-05 06:20:00]  스케줄러가 실행되었습니다.
[2025-09-05 06:20:00] ETL 시도 1/2
[2025-09-05 06:21:16] ETL 성공, 실행 시간: 75.9s
[2025-09-05 06:21:16] 스케줄러 작업 종료
[2025-09-05 06:25:00]  스케줄러가 실행되었습니다.
[2025-09-05 06:25:00] ETL 시도 1/2
[2025-09-05 06:26:18] ETL 성공, 실행 시간: 77.7s
[2025-09-05 06:26:18] 스케줄러 작업 종료
[2025-09-05 06:30:00]  스케줄러가 실행되었습니다.
[2025-09-05 06:30:00] ETL 시도 1/2
[2025-09-05 06:31:16] ETL 성공, 실행 시간: 75.5s
[2025-09-05 06:31:16] 스케줄러 작업 종료
[2025-09-05 06:35:00]  스케줄러가 실행되었습니다.
[2025-09-05 06:35:00] ETL 시도 1/2
[2025-09-05 06:36:16] ETL 성공, 실행 시간: 76.0s
[2025-09-05 06:36:16] 스케줄러 작업 종료
[2025-09-05 06:40:00]  스케줄러가 실행되었습니다.
[2025-09-05 06:40:00] ETL 시도 1/2
[2025-09-05 06:41:14] ETL 성공, 실행 시간: 74.0s
[2025-09-05 06:41:14] 스케줄러 작업 종료
[2025-09-05 06:45:00]  스케줄러가 실행되었습니다.
[2025-09-05 06:45:00] ETL 시도 1/2
[2025-09-05 06:46:17] ETL 성공, 실행 시간: 76.5s
[2025-09-05 06:46:17] 스케줄러 작업 종료
[2025-09-05 06:50:00]  스케줄러가 실행되었습니다.
[2025-09-05 06:50:00] ETL 시도 1/2
[2025-09-05 06:51:18] ETL 성공, 실행 시간: 77.7s
[2025-09-05 06:51:18] 스케줄러 작업 종료
[2025-09-05 06:55:00]  스케줄러가 실행되었습니다.
[2025-09-05 06:55:00] ETL 시도 1/2
[2025-09-05 06:56:16] ETL 성공, 실행 시간: 75.8s
[2025-09-05 06:56:16] 스케줄러 작업 종료
[2025-09-05 07:00:00]  스케줄러가 실행되었습니다.
[2025-09-05 07:00:00] ETL 시도 1/2
[2025-09-05 07:01:21] ETL 성공, 실행 시간: 80.9s
[2025-09-05 07:01:21] 스케줄러 작업 종료
[2025-09-05 07:05:00]  스케줄러가 실행되었습니다.
[2025-09-05 07:05:00] ETL 시도 1/2
[2025-09-05 07:06:22] ETL 성공, 실행 시간: 82.2s
[2025-09-05 07:06:22] 스케줄러 작업 종료
[2025-09-05 07:10:00]  스케줄러가 실행되었습니다.
[2025-09-05 07:10:00] ETL 시도 1/2
[2025-09-05 07:11:16] ETL 성공, 실행 시간: 75.3s
[2025-09-05 07:11:16] 스케줄러 작업 종료
[2025-09-05 07:15:00]  스케줄러가 실행되었습니다.
[2025-09-05 07:15:00] ETL 시도 1/2
[2025-09-05 07:16:13] ETL 성공, 실행 시간: 73.6s
[2025-09-05 07:16:13] 스케줄러 작업 종료
[2025-09-05 07:20:00]  스케줄러가 실행되었습니다.
[2025-09-05 07:20:00] ETL 시도 1/2
[2025-09-05 07:21:19] ETL 성공, 실행 시간: 79.0s
[2025-09-05 07:21:19] 스케줄러 작업 종료
[2025-09-05 07:25:00]  스케줄러가 실행되었습니다.
[2025-09-05 07:25:00] ETL 시도 1/2
[2025-09-05 07:26:16] ETL 성공, 실행 시간: 76.2s
[2025-09-05 07:26:16] 스케줄러 작업 종료
[2025-09-05 07:30:00]  스케줄러가 실행되었습니다.
[2025-09-05 07:30:00] ETL 시도 1/2
[2025-09-05 07:31:17] ETL 성공, 실행 시간: 77.4s
[2025-09-05 07:31:17] 스케줄러 작업 종료
[2025-09-05 07:35:00]  스케줄러가 실행되었습니다.
[2025-09-05 07:35:00] ETL 시도 1/2
[2025-09-05 07:35:09] ETL 실패(시도 1): Pipeline exited with code 1
[2025-09-05 07:35:09] ⏳ 10s 후 재시도합니다…
[2025-09-05 07:35:19] ETL 시도 2/2
[2025-09-05 07:36:35] ETL 성공, 실행 시간: 95.7s
[2025-09-05 07:36:35] 스케줄러 작업 종료
[2025-09-05 07:40:00]  스케줄러가 실행되었습니다.
[2025-09-05 07:40:00] ETL 시도 1/2
[2025-09-05 07:41:15] ETL 성공, 실행 시간: 74.5s
[2025-09-05 07:41:15] 스케줄러 작업 종료
[2025-09-05 07:45:00]  스케줄러가 실행되었습니다.
[2025-09-05 07:45:00] ETL 시도 1/2
[2025-09-05 07:46:17] ETL 성공, 실행 시간: 76.7s
[2025-09-05 07:46:17] 스케줄러 작업 종료
[2025-09-05 07:50:00]  스케줄러가 실행되었습니다.
[2025-09-05 07:50:00] ETL 시도 1/2
[2025-09-05 07:51:17] ETL 성공, 실행 시간: 77.1s
[2025-09-05 07:51:17] 스케줄러 작업 종료
[2025-09-05 07:55:00]  스케줄러가 실행되었습니다.
[2025-09-05 07:55:00] ETL 시도 1/2
[2025-09-05 07:56:18] ETL 성공, 실행 시간: 77.5s
[2025-09-05 07:56:18] 스케줄러 작업 종료
[2025-09-05 08:00:00]  스케줄러가 실행되었습니다.
[2025-09-05 08:00:00] ETL 시도 1/2
[2025-09-05 08:01:19] ETL 성공, 실행 시간: 79.6s
[2025-09-05 08:01:19] 스케줄러 작업 종료
[2025-09-05 08:05:00]  스케줄러가 실행되었습니다.
[2025-09-05 08:05:00] ETL 시도 1/2
[2025-09-05 08:05:09] ETL 실패(시도 1): Pipeline exited with code 1
[2025-09-05 08:05:09] ⏳ 10s 후 재시도합니다…
[2025-09-05 08:05:19] ETL 시도 2/2
[2025-09-05 08:06:49] ETL 성공, 실행 시간: 109.9s
[2025-09-05 08:06:49] 스케줄러 작업 종료
[2025-09-05 08:10:00]  스케줄러가 실행되었습니다.
[2025-09-05 08:10:00] ETL 시도 1/2
[2025-09-05 08:11:19] ETL 성공, 실행 시간: 79.1s
[2025-09-05 08:11:19] 스케줄러 작업 종료
[2025-09-05 08:15:00]  스케줄러가 실행되었습니다.
[2025-09-05 08:15:00] ETL 시도 1/2
[2025-09-05 08:16:17] ETL 성공, 실행 시간: 77.3s
[2025-09-05 08:16:17] 스케줄러 작업 종료
[2025-09-05 08:20:00]  스케줄러가 실행되었습니다.
[2025-09-05 08:20:00] ETL 시도 1/2
[2025-09-05 08:21:17] ETL 성공, 실행 시간: 76.4s
[2025-09-05 08:21:17] 스케줄러 작업 종료
[2025-09-05 08:25:00]  스케줄러가 실행되었습니다.
[2025-09-05 08:25:00] ETL 시도 1/2
[2025-09-05 08:26:15] ETL 성공, 실행 시간: 75.2s
[2025-09-05 08:26:15] 스케줄러 작업 종료
[2025-09-05 08:30:00]  스케줄러가 실행되었습니다.
[2025-09-05 08:30:00] ETL 시도 1/2
[2025-09-05 08:31:15] ETL 성공, 실행 시간: 74.4s
[2025-09-05 08:31:15] 스케줄러 작업 종료
[2025-09-05 08:35:00]  스케줄러가 실행되었습니다.
[2025-09-05 08:35:00] ETL 시도 1/2
[2025-09-05 08:36:14] ETL 성공, 실행 시간: 74.3s
[2025-09-05 08:36:14] 스케줄러 작업 종료
[2025-09-05 08:40:00]  스케줄러가 실행되었습니다.
[2025-09-05 08:40:00] ETL 시도 1/2
[2025-09-05 08:41:21] ETL 성공, 실행 시간: 80.8s
[2025-09-05 08:41:21] 스케줄러 작업 종료
[2025-09-05 08:45:00]  스케줄러가 실행되었습니다.
[2025-09-05 08:45:00] ETL 시도 1/2
[2025-09-05 08:46:19] ETL 성공, 실행 시간: 78.8s
[2025-09-05 08:46:19] 스케줄러 작업 종료
[2025-09-05 08:50:00]  스케줄러가 실행되었습니다.
[2025-09-05 08:50:00] ETL 시도 1/2
[2025-09-05 08:51:23] ETL 성공, 실행 시간: 83.3s
[2025-09-05 08:51:23] 스케줄러 작업 종료
[2025-09-05 08:55:00]  스케줄러가 실행되었습니다.
[2025-09-05 08:55:00] ETL 시도 1/2
[2025-09-05 08:55:12] ETL 실패(시도 1): Pipeline exited with code 1
[2025-09-05 08:55:12] ⏳ 10s 후 재시도합니다…
[2025-09-05 08:55:22] ETL 시도 2/2
[2025-09-05 08:57:04] ETL 성공, 실행 시간: 123.1s
[2025-09-05 08:57:04] 스케줄러 작업 종료
[2025-09-05 09:00:00]  스케줄러가 실행되었습니다.
[2025-09-05 09:00:00] ETL 시도 1/2
[2025-09-05 09:01:27] ETL 성공, 실행 시간: 86.8s
[2025-09-05 09:01:27] 스케줄러 작업 종료
[2025-09-05 09:05:00]  스케줄러가 실행되었습니다.
[2025-09-05 09:05:00] ETL 시도 1/2
[2025-09-05 09:06:21] ETL 성공, 실행 시간: 81.2s
[2025-09-05 09:06:21] 스케줄러 작업 종료
[2025-09-05 09:10:00]  스케줄러가 실행되었습니다.
[2025-09-05 09:10:00] ETL 시도 1/2
[2025-09-05 09:11:19] ETL 성공, 실행 시간: 78.8s
[2025-09-05 09:11:19] 스케줄러 작업 종료
[2025-09-05 09:15:00]  스케줄러가 실행되었습니다.
[2025-09-05 09:15:00] ETL 시도 1/2
[2025-09-05 09:16:30] ETL 성공, 실행 시간: 89.6s
[2025-09-05 09:16:30] 스케줄러 작업 종료
[2025-09-05 09:20:00]  스케줄러가 실행되었습니다.
[2025-09-05 09:20:00] ETL 시도 1/2
[2025-09-05 09:21:19] ETL 성공, 실행 시간: 79.2s
[2025-09-05 09:21:19] 스케줄러 작업 종료
[2025-09-05 09:25:00]  스케줄러가 실행되었습니다.
[2025-09-05 09:25:00] ETL 시도 1/2
[2025-09-05 09:26:18] ETL 성공, 실행 시간: 78.0s
[2025-09-05 09:26:18] 스케줄러 작업 종료
[2025-09-05 09:30:00]  스케줄러가 실행되었습니다.
[2025-09-05 09:30:00] ETL 시도 1/2
[2025-09-05 09:30:11] ETL 실패(시도 1): Pipeline exited with code 1
[2025-09-05 09:30:11] ⏳ 10s 후 재시도합니다…
[2025-09-05 09:30:21] ETL 시도 2/2
[2025-09-05 09:31:55] ETL 성공, 실행 시간: 114.7s
[2025-09-05 09:31:55] 스케줄러 작업 종료
[2025-09-05 09:35:00]  스케줄러가 실행되었습니다.
[2025-09-05 09:35:00] ETL 시도 1/2
[2025-09-05 09:36:19] ETL 성공, 실행 시간: 78.8s
[2025-09-05 09:36:19] 스케줄러 작업 종료
[2025-09-05 09:40:00]  스케줄러가 실행되었습니다.
[2025-09-05 09:40:00] ETL 시도 1/2
[2025-09-05 09:41:25] ETL 성공, 실행 시간: 84.7s
[2025-09-05 09:41:25] 스케줄러 작업 종료
[2025-09-05 09:45:00]  스케줄러가 실행되었습니다.
[2025-09-05 09:45:00] ETL 시도 1/2
[2025-09-05 09:46:26] ETL 성공, 실행 시간: 85.9s
[2025-09-05 09:46:26] 스케줄러 작업 종료
[2025-09-05 09:50:00]  스케줄러가 실행되었습니다.
[2025-09-05 09:50:00] ETL 시도 1/2
[2025-09-05 09:51:22] ETL 성공, 실행 시간: 82.0s
[2025-09-05 09:51:22] 스케줄러 작업 종료
[2025-09-05 09:55:00]  스케줄러가 실행되었습니다.
[2025-09-05 09:55:00] ETL 시도 1/2
[2025-09-05 09:56:22] ETL 성공, 실행 시간: 81.8s
[2025-09-05 09:56:22] 스케줄러 작업 종료
[2025-09-05 10:00:00]  스케줄러가 실행되었습니다.
[2025-09-05 10:00:00] ETL 시도 1/2
[2025-09-05 10:01:25] ETL 성공, 실행 시간: 85.3s
[2025-09-05 10:01:25] 스케줄러 작업 종료
[2025-09-05 10:05:00]  스케줄러가 실행되었습니다.
[2025-09-05 10:05:00] ETL 시도 1/2
[2025-09-05 10:06:24] ETL 성공, 실행 시간: 84.9s
[2025-09-05 10:06:24] 스케줄러 작업 종료
[2025-09-05 10:10:00]  스케줄러가 실행되었습니다.
[2025-09-05 10:10:00] ETL 시도 1/2
[2025-09-05 10:11:27] ETL 성공, 실행 시간: 87.7s
[2025-09-05 10:11:27] 스케줄러 작업 종료
[2025-09-05 10:15:00]  스케줄러가 실행되었습니다.
[2025-09-05 10:15:00] ETL 시도 1/2
[2025-09-05 10:16:22] ETL 성공, 실행 시간: 81.1s
[2025-09-05 10:16:22] 스케줄러 작업 종료
[2025-09-05 10:20:00]  스케줄러가 실행되었습니다.
[2025-09-05 10:20:00] ETL 시도 1/2
[2025-09-05 10:21:19] ETL 성공, 실행 시간: 79.4s
[2025-09-05 10:21:19] 스케줄러 작업 종료
[2025-09-05 10:25:00]  스케줄러가 실행되었습니다.
[2025-09-05 10:25:00] ETL 시도 1/2
[2025-09-05 10:25:13] ETL 실패(시도 1): Pipeline exited with code 1
[2025-09-05 10:25:13] ⏳ 10s 후 재시도합니다…
[2025-09-05 10:25:23] ETL 시도 2/2
[2025-09-05 10:26:42] ETL 성공, 실행 시간: 101.6s
[2025-09-05 10:26:42] 스케줄러 작업 종료
[2025-09-05 10:30:00]  스케줄러가 실행되었습니다.
[2025-09-05 10:30:00] ETL 시도 1/2
[2025-09-05 10:31:26] ETL 성공, 실행 시간: 85.9s
[2025-09-05 10:31:26] 스케줄러 작업 종료
[2025-09-05 10:35:00]  스케줄러가 실행되었습니다.
[2025-09-05 10:35:00] ETL 시도 1/2
[2025-09-05 10:36:18] ETL 성공, 실행 시간: 78.1s
[2025-09-05 10:36:18] 스케줄러 작업 종료
[2025-09-05 10:40:00]  스케줄러가 실행되었습니다.
[2025-09-05 10:40:00] ETL 시도 1/2
[2025-09-05 10:41:18] ETL 성공, 실행 시간: 77.7s
[2025-09-05 10:41:18] 스케줄러 작업 종료
[2025-09-05 10:45:00]  스케줄러가 실행되었습니다.
[2025-09-05 10:45:00] ETL 시도 1/2
[2025-09-05 10:46:21] ETL 성공, 실행 시간: 80.8s
[2025-09-05 10:46:21] 스케줄러 작업 종료
[2025-09-05 10:50:00]  스케줄러가 실행되었습니다.
[2025-09-05 10:50:00] ETL 시도 1/2
[2025-09-05 10:51:51] ETL 성공, 실행 시간: 110.4s
[2025-09-05 10:51:51] 스케줄러 작업 종료
[2025-09-05 10:55:00]  스케줄러가 실행되었습니다.
[2025-09-05 10:55:00] ETL 시도 1/2
[2025-09-05 10:56:17] ETL 성공, 실행 시간: 76.9s
[2025-09-05 10:56:17] 스케줄러 작업 종료
[2025-09-05 11:00:00]  스케줄러가 실행되었습니다.
[2025-09-05 11:00:00] ETL 시도 1/2
[2025-09-05 11:01:18] ETL 성공, 실행 시간: 77.7s
[2025-09-05 11:01:18] 스케줄러 작업 종료
[2025-09-05 11:05:00]  스케줄러가 실행되었습니다.
[2025-09-05 11:05:00] ETL 시도 1/2
[2025-09-05 11:06:23] ETL 성공, 실행 시간: 83.6s
[2025-09-05 11:06:23] 스케줄러 작업 종료
[2025-09-05 11:10:00]  스케줄러가 실행되었습니다.
[2025-09-05 11:10:00] ETL 시도 1/2
[2025-09-05 11:11:20] ETL 성공, 실행 시간: 79.9s
[2025-09-05 11:11:20] 스케줄러 작업 종료
[2025-09-05 11:15:00]  스케줄러가 실행되었습니다.
[2025-09-05 11:15:00] ETL 시도 1/2
[2025-09-05 11:16:18] ETL 성공, 실행 시간: 77.8s
[2025-09-05 11:16:18] 스케줄러 작업 종료
[2025-09-05 11:20:00]  스케줄러가 실행되었습니다.
[2025-09-05 11:20:00] ETL 시도 1/2
[2025-09-05 11:21:18] ETL 성공, 실행 시간: 77.5s
[2025-09-05 11:21:18] 스케줄러 작업 종료
[2025-09-05 11:25:00]  스케줄러가 실행되었습니다.
[2025-09-05 11:25:00] ETL 시도 1/2
[2025-09-05 11:26:15] ETL 성공, 실행 시간: 75.2s
[2025-09-05 11:26:15] 스케줄러 작업 종료
[2025-09-05 11:30:00]  스케줄러가 실행되었습니다.
[2025-09-05 11:30:00] ETL 시도 1/2
[2025-09-05 11:31:19] ETL 성공, 실행 시간: 78.7s
[2025-09-05 11:31:19] 스케줄러 작업 종료
[2025-09-05 11:35:00]  스케줄러가 실행되었습니다.
[2025-09-05 11:35:00] ETL 시도 1/2
[2025-09-05 11:36:18] ETL 성공, 실행 시간: 78.1s
[2025-09-05 11:36:18] 스케줄러 작업 종료
[2025-09-05 11:40:00]  스케줄러가 실행되었습니다.
[2025-09-05 11:40:00] ETL 시도 1/2
[2025-09-05 11:41:19] ETL 성공, 실행 시간: 78.6s
[2025-09-05 11:41:19] 스케줄러 작업 종료
[2025-09-05 11:45:00]  스케줄러가 실행되었습니다.
[2025-09-05 11:45:00] ETL 시도 1/2
[2025-09-05 11:46:17] ETL 성공, 실행 시간: 76.3s
[2025-09-05 11:46:17] 스케줄러 작업 종료
[2025-09-05 11:50:00]  스케줄러가 실행되었습니다.
[2025-09-05 11:50:00] ETL 시도 1/2
[2025-09-05 11:51:17] ETL 성공, 실행 시간: 77.4s
[2025-09-05 11:51:17] 스케줄러 작업 종료
[2025-09-05 11:55:00]  스케줄러가 실행되었습니다.
[2025-09-05 11:55:00] ETL 시도 1/2
[2025-09-05 11:56:16] ETL 성공, 실행 시간: 75.3s
[2025-09-05 11:56:16] 스케줄러 작업 종료
[2025-09-05 12:00:00]  스케줄러가 실행되었습니다.
[2025-09-05 12:00:00] ETL 시도 1/2
[2025-09-05 12:01:19] ETL 성공, 실행 시간: 79.5s
[2025-09-05 12:01:19] 스케줄러 작업 종료
[2025-09-05 12:05:00]  스케줄러가 실행되었습니다.
[2025-09-05 12:05:00] ETL 시도 1/2
[2025-09-05 12:06:19] ETL 성공, 실행 시간: 78.8s
[2025-09-05 12:06:19] 스케줄러 작업 종료
[2025-09-05 12:10:00]  스케줄러가 실행되었습니다.
[2025-09-05 12:10:00] ETL 시도 1/2
[2025-09-05 12:11:18] ETL 성공, 실행 시간: 78.0s
[2025-09-05 12:11:18] 스케줄러 작업 종료
[2025-09-05 12:15:00]  스케줄러가 실행되었습니다.
[2025-09-05 12:15:00] ETL 시도 1/2
[2025-09-05 12:16:16] ETL 성공, 실행 시간: 76.2s
[2025-09-05 12:16:16] 스케줄러 작업 종료
[2025-09-05 12:20:00]  스케줄러가 실행되었습니다.
[2025-09-05 12:20:00] ETL 시도 1/2
[2025-09-05 12:21:17] ETL 성공, 실행 시간: 77.2s
[2025-09-05 12:21:17] 스케줄러 작업 종료
[2025-09-05 12:25:00]  스케줄러가 실행되었습니다.
[2025-09-05 12:25:00] ETL 시도 1/2
[2025-09-05 12:26:19] ETL 성공, 실행 시간: 78.3s
[2025-09-05 12:26:19] 스케줄러 작업 종료
[2025-09-05 12:30:00]  스케줄러가 실행되었습니다.
[2025-09-05 12:30:00] ETL 시도 1/2
[2025-09-05 12:31:17] ETL 성공, 실행 시간: 77.2s
[2025-09-05 12:31:17] 스케줄러 작업 종료
[2025-09-05 12:35:00]  스케줄러가 실행되었습니다.
[2025-09-05 12:35:00] ETL 시도 1/2
[2025-09-05 12:36:16] ETL 성공, 실행 시간: 75.5s
[2025-09-05 12:36:16] 스케줄러 작업 종료
[2025-09-05 12:40:00]  스케줄러가 실행되었습니다.
[2025-09-05 12:40:00] ETL 시도 1/2
[2025-09-05 12:41:14] ETL 성공, 실행 시간: 74.6s
[2025-09-05 12:41:14] 스케줄러 작업 종료
[2025-09-05 12:45:00]  스케줄러가 실행되었습니다.
[2025-09-05 12:45:00] ETL 시도 1/2
[2025-09-05 12:46:17] ETL 성공, 실행 시간: 76.3s
[2025-09-05 12:46:17] 스케줄러 작업 종료
[2025-09-05 12:50:00]  스케줄러가 실행되었습니다.
[2025-09-05 12:50:00] ETL 시도 1/2
[2025-09-05 12:51:13] ETL 성공, 실행 시간: 72.9s
[2025-09-05 12:51:13] 스케줄러 작업 종료
[2025-09-05 12:55:00]  스케줄러가 실행되었습니다.
[2025-09-05 12:55:00] ETL 시도 1/2
[2025-09-05 12:56:15] ETL 성공, 실행 시간: 75.3s
[2025-09-05 12:56:15] 스케줄러 작업 종료
[2025-09-05 13:00:00]  스케줄러가 실행되었습니다.
[2025-09-05 13:00:00] ETL 시도 1/2
[2025-09-05 13:01:19] ETL 성공, 실행 시간: 79.7s
[2025-09-05 13:01:19] 스케줄러 작업 종료
[2025-09-05 13:05:00]  스케줄러가 실행되었습니다.
[2025-09-05 13:05:00] ETL 시도 1/2
[2025-09-05 13:06:24] ETL 성공, 실행 시간: 84.0s
[2025-09-05 13:06:24] 스케줄러 작업 종료
[2025-09-05 13:10:00]  스케줄러가 실행되었습니다.
[2025-09-05 13:10:00] ETL 시도 1/2
[2025-09-05 13:11:16] ETL 성공, 실행 시간: 76.9s
[2025-09-05 13:11:16] 스케줄러 작업 종료
[2025-09-05 13:15:00]  스케줄러가 실행되었습니다.
[2025-09-05 13:15:00] ETL 시도 1/2
[2025-09-05 13:16:16] ETL 성공, 실행 시간: 76.6s
[2025-09-05 13:16:16] 스케줄러 작업 종료
[2025-09-05 13:20:00]  스케줄러가 실행되었습니다.
[2025-09-05 13:20:00] ETL 시도 1/2
[2025-09-05 13:21:15] ETL 성공, 실행 시간: 75.0s
[2025-09-05 13:21:15] 스케줄러 작업 종료
[2025-09-05 13:25:00]  스케줄러가 실행되었습니다.
[2025-09-05 13:25:00] ETL 시도 1/2
[2025-09-05 13:26:15] ETL 성공, 실행 시간: 75.9s
[2025-09-05 13:26:15] 스케줄러 작업 종료
[2025-09-05 13:30:00]  스케줄러가 실행되었습니다.
[2025-09-05 13:30:00] ETL 시도 1/2
[2025-09-05 13:31:16] ETL 성공, 실행 시간: 76.1s
[2025-09-05 13:31:16] 스케줄러 작업 종료
[2025-09-05 13:35:00]  스케줄러가 실행되었습니다.
[2025-09-05 13:35:00] ETL 시도 1/2
[2025-09-05 13:36:19] ETL 성공, 실행 시간: 79.1s
[2025-09-05 13:36:19] 스케줄러 작업 종료
[2025-09-05 13:40:00]  스케줄러가 실행되었습니다.
[2025-09-05 13:40:00] ETL 시도 1/2
[2025-09-05 13:41:17] ETL 성공, 실행 시간: 76.6s
[2025-09-05 13:41:17] 스케줄러 작업 종료
[2025-09-05 13:45:00]  스케줄러가 실행되었습니다.
[2025-09-05 13:45:00] ETL 시도 1/2
[2025-09-05 13:46:16] ETL 성공, 실행 시간: 76.4s
[2025-09-05 13:46:16] 스케줄러 작업 종료
[2025-09-05 13:50:00]  스케줄러가 실행되었습니다.
[2025-09-05 13:50:00] ETL 시도 1/2
[2025-09-05 13:51:14] ETL 성공, 실행 시간: 74.1s
[2025-09-05 13:51:14] 스케줄러 작업 종료
[2025-09-05 13:55:00]  스케줄러가 실행되었습니다.
[2025-09-05 13:55:00] ETL 시도 1/2
[2025-09-05 13:56:14] ETL 성공, 실행 시간: 74.0s
[2025-09-05 13:56:14] 스케줄러 작업 종료
[2025-09-05 14:00:00]  스케줄러가 실행되었습니다.
[2025-09-05 14:00:00] ETL 시도 1/2
[2025-09-05 14:01:17] ETL 성공, 실행 시간: 77.4s
[2025-09-05 14:01:17] 스케줄러 작업 종료
[2025-09-05 14:05:00]  스케줄러가 실행되었습니다.
[2025-09-05 14:05:00] ETL 시도 1/2
[2025-09-05 14:06:16] ETL 성공, 실행 시간: 75.4s
[2025-09-05 14:06:16] 스케줄러 작업 종료
[2025-09-05 14:10:00]  스케줄러가 실행되었습니다.
[2025-09-05 14:10:00] ETL 시도 1/2
[2025-09-05 14:11:15] ETL 성공, 실행 시간: 75.3s
[2025-09-05 14:11:15] 스케줄러 작업 종료
[2025-09-05 14:15:00]  스케줄러가 실행되었습니다.
[2025-09-05 14:15:00] ETL 시도 1/2
[2025-09-05 14:16:12] ETL 성공, 실행 시간: 71.9s
[2025-09-05 14:16:12] 스케줄러 작업 종료
[2025-09-05 14:20:00]  스케줄러가 실행되었습니다.
[2025-09-05 14:20:00] ETL 시도 1/2
[2025-09-05 14:21:16] ETL 성공, 실행 시간: 76.2s
[2025-09-05 14:21:16] 스케줄러 작업 종료
[2025-09-05 14:25:00]  스케줄러가 실행되었습니다.
[2025-09-05 14:25:00] ETL 시도 1/2
[2025-09-05 14:26:16] ETL 성공, 실행 시간: 76.5s
[2025-09-05 14:26:16] 스케줄러 작업 종료
[2025-09-05 14:30:00]  스케줄러가 실행되었습니다.
[2025-09-05 14:30:00] ETL 시도 1/2
[2025-09-05 14:31:13] ETL 성공, 실행 시간: 73.8s
[2025-09-05 14:31:13] 스케줄러 작업 종료
[2025-09-05 14:35:00]  스케줄러가 실행되었습니다.
[2025-09-05 14:35:00] ETL 시도 1/2
[2025-09-05 14:36:13] ETL 성공, 실행 시간: 73.6s
[2025-09-05 14:36:13] 스케줄러 작업 종료
[2025-09-05 14:40:00]  스케줄러가 실행되었습니다.
[2025-09-05 14:40:00] ETL 시도 1/2
[2025-09-05 14:41:16] ETL 성공, 실행 시간: 75.2s
[2025-09-05 14:41:16] 스케줄러 작업 종료
[2025-09-05 14:45:00]  스케줄러가 실행되었습니다.
[2025-09-05 14:45:00] ETL 시도 1/2
[2025-09-05 14:46:11] ETL 성공, 실행 시간: 71.7s
[2025-09-05 14:46:11] 스케줄러 작업 종료
[2025-09-05 14:50:00]  스케줄러가 실행되었습니다.
[2025-09-05 14:50:00] ETL 시도 1/2
[2025-09-05 14:50:16] ETL 실패(시도 1): Pipeline exited with code 1
[2025-09-05 14:50:16] ⏳ 10s 후 재시도합니다…
[2025-09-05 14:50:26] ETL 시도 2/2
[2025-09-05 14:51:40] ETL 성공, 실행 시간: 100.4s
[2025-09-05 14:51:40] 스케줄러 작업 종료
[2025-09-05 14:55:00]  스케줄러가 실행되었습니다.
[2025-09-05 14:55:00] ETL 시도 1/2
[2025-09-05 14:56:14] ETL 성공, 실행 시간: 74.1s
[2025-09-05 14:56:14] 스케줄러 작업 종료
[2025-09-05 15:00:00]  스케줄러가 실행되었습니다.
[2025-09-05 15:00:00] ETL 시도 1/2
[2025-09-05 15:01:18] ETL 성공, 실행 시간: 77.4s
[2025-09-05 15:01:18] 스케줄러 작업 종료
[2025-09-05 15:05:00]  스케줄러가 실행되었습니다.
[2025-09-05 15:05:00] ETL 시도 1/2
[2025-09-05 15:06:23] ETL 성공, 실행 시간: 83.1s
[2025-09-05 15:06:23] 스케줄러 작업 종료
[2025-09-05 15:10:00]  스케줄러가 실행되었습니다.
[2025-09-05 15:10:00] ETL 시도 1/2
[2025-09-05 15:11:14] ETL 성공, 실행 시간: 74.4s
[2025-09-05 15:11:14] 스케줄러 작업 종료
[2025-09-05 15:15:00]  스케줄러가 실행되었습니다.
[2025-09-05 15:15:00] ETL 시도 1/2
[2025-09-05 15:16:16] ETL 성공, 실행 시간: 76.7s
[2025-09-05 15:16:16] 스케줄러 작업 종료
[2025-09-05 15:20:00]  스케줄러가 실행되었습니다.
[2025-09-05 15:20:00] ETL 시도 1/2
[2025-09-05 15:21:19] ETL 성공, 실행 시간: 78.6s
[2025-09-05 15:21:19] 스케줄러 작업 종료
[2025-09-05 15:25:00]  스케줄러가 실행되었습니다.
[2025-09-05 15:25:00] ETL 시도 1/2
[2025-09-05 15:26:15] ETL 성공, 실행 시간: 75.2s
[2025-09-05 15:26:15] 스케줄러 작업 종료
[2025-09-05 15:30:00]  스케줄러가 실행되었습니다.
[2025-09-05 15:30:00] ETL 시도 1/2
[2025-09-05 15:31:15] ETL 성공, 실행 시간: 75.2s
[2025-09-05 15:31:15] 스케줄러 작업 종료
[2025-09-05 15:35:00]  스케줄러가 실행되었습니다.
[2025-09-05 15:35:00] ETL 시도 1/2
[2025-09-05 15:36:13] ETL 성공, 실행 시간: 73.5s
[2025-09-05 15:36:13] 스케줄러 작업 종료
[2025-09-05 15:40:00]  스케줄러가 실행되었습니다.
[2025-09-05 15:40:00] ETL 시도 1/2
[2025-09-05 15:40:20] ETL 실패(시도 1): Pipeline exited with code 1
[2025-09-05 15:40:20] ⏳ 10s 후 재시도합니다…
[2025-09-05 15:40:30] ETL 시도 2/2
[2025-09-05 15:40:49] ETL 실패(시도 2): Pipeline exited with code 1
[2025-09-05 15:40:49] 이번 회차 최종 실패: Pipeline exited with code 1
[2025-09-05 15:40:49] 스케줄러 작업 종료
[2025-09-05 15:45:00]  스케줄러가 실행되었습니다.
[2025-09-05 15:45:00] ETL 시도 1/2
[2025-09-05 15:45:22] ETL 실패(시도 1): Pipeline exited with code 1
[2025-09-05 15:45:22] ⏳ 10s 후 재시도합니다…
[2025-09-05 15:45:32] ETL 시도 2/2
[2025-09-05 15:47:02] ETL 성공, 실행 시간: 121.8s
[2025-09-05 15:47:02] 스케줄러 작업 종료
[2025-09-05 15:50:00]  스케줄러가 실행되었습니다.
[2025-09-05 15:50:00] ETL 시도 1/2
[2025-09-05 15:51:13] ETL 성공, 실행 시간: 72.8s
[2025-09-05 15:51:13] 스케줄러 작업 종료
[2025-09-05 15:55:00]  스케줄러가 실행되었습니다.
[2025-09-05 15:55:00] ETL 시도 1/2
[2025-09-05 15:55:20] ETL 실패(시도 1): Pipeline exited with code 1
[2025-09-05 15:55:20] ⏳ 10s 후 재시도합니다…
[2025-09-05 15:55:30] ETL 시도 2/2
[2025-09-05 15:55:50] ETL 실패(시도 2): Pipeline exited with code 1
[2025-09-05 15:55:50] 이번 회차 최종 실패: Pipeline exited with code 1
[2025-09-05 15:55:50] 스케줄러 작업 종료
[2025-09-05 16:00:00]  스케줄러가 실행되었습니다.
[2025-09-05 16:00:00] ETL 시도 1/2
[2025-09-05 16:01:17] ETL 성공, 실행 시간: 77.4s
[2025-09-05 16:01:17] 스케줄러 작업 종료
[2025-09-05 16:05:00]  스케줄러가 실행되었습니다.
[2025-09-05 16:05:00] ETL 시도 1/2
[2025-09-05 16:06:18] ETL 성공, 실행 시간: 77.9s
[2025-09-05 16:06:18] 스케줄러 작업 종료
[2025-09-05 16:10:00]  스케줄러가 실행되었습니다.
[2025-09-05 16:10:00] ETL 시도 1/2
[2025-09-05 16:11:18] ETL 성공, 실행 시간: 77.4s
[2025-09-05 16:11:18] 스케줄러 작업 종료
[2025-09-05 16:15:00]  스케줄러가 실행되었습니다.
[2025-09-05 16:15:00] ETL 시도 1/2
[2025-09-05 16:16:14] ETL 성공, 실행 시간: 73.9s
[2025-09-05 16:16:14] 스케줄러 작업 종료
[2025-09-05 16:20:00]  스케줄러가 실행되었습니다.
[2025-09-05 16:20:00] ETL 시도 1/2
[2025-09-05 16:21:17] ETL 성공, 실행 시간: 77.4s
[2025-09-05 16:21:17] 스케줄러 작업 종료
[2025-09-05 16:25:00]  스케줄러가 실행되었습니다.
[2025-09-05 16:25:00] ETL 시도 1/2
[2025-09-05 16:26:15] ETL 성공, 실행 시간: 74.4s
[2025-09-05 16:26:15] 스케줄러 작업 종료
[2025-09-05 16:30:00]  스케줄러가 실행되었습니다.
[2025-09-05 16:30:00] ETL 시도 1/2
[2025-09-05 16:31:18] ETL 성공, 실행 시간: 78.3s
[2025-09-05 16:31:18] 스케줄러 작업 종료
[2025-09-05 16:35:00]  스케줄러가 실행되었습니다.
[2025-09-05 16:35:00] ETL 시도 1/2
[2025-09-05 16:36:20] ETL 성공, 실행 시간: 79.3s
[2025-09-05 16:36:20] 스케줄러 작업 종료
[2025-09-05 16:40:00]  스케줄러가 실행되었습니다.
[2025-09-05 16:40:00] ETL 시도 1/2
[2025-09-05 16:40:19] ETL 실패(시도 1): Pipeline exited with code 1
[2025-09-05 16:40:19] ⏳ 10s 후 재시도합니다…
[2025-09-05 16:40:29] ETL 시도 2/2
[2025-09-05 16:40:48] ETL 실패(시도 2): Pipeline exited with code 1
[2025-09-05 16:40:48] 이번 회차 최종 실패: Pipeline exited with code 1
[2025-09-05 16:40:48] 스케줄러 작업 종료
[2025-09-05 16:45:00]  스케줄러가 실행되었습니다.
[2025-09-05 16:45:00] ETL 시도 1/2
[2025-09-05 16:46:20] ETL 성공, 실행 시간: 80.0s
[2025-09-05 16:46:20] 스케줄러 작업 종료
[2025-09-05 16:50:00]  스케줄러가 실행되었습니다.
[2025-09-05 16:50:00] ETL 시도 1/2
[2025-09-05 16:51:16] ETL 성공, 실행 시간: 75.2s
[2025-09-05 16:51:16] 스케줄러 작업 종료
[2025-09-05 16:55:00]  스케줄러가 실행되었습니다.
[2025-09-05 16:55:00] ETL 시도 1/2
[2025-09-05 16:56:24] ETL 성공, 실행 시간: 84.7s
[2025-09-05 16:56:24] 스케줄러 작업 종료
[2025-09-05 17:00:00]  스케줄러가 실행되었습니다.
[2025-09-05 17:00:00] ETL 시도 1/2
[2025-09-05 17:01:16] ETL 성공, 실행 시간: 76.3s
[2025-09-05 17:01:16] 스케줄러 작업 종료
[2025-09-05 17:05:00]  스케줄러가 실행되었습니다.
[2025-09-05 17:05:00] ETL 시도 1/2
[2025-09-05 17:06:24] ETL 성공, 실행 시간: 83.5s
[2025-09-05 17:06:24] 스케줄러 작업 종료
[2025-09-05 17:10:00]  스케줄러가 실행되었습니다.
[2025-09-05 17:10:00] ETL 시도 1/2
[2025-09-05 17:11:18] ETL 성공, 실행 시간: 78.1s
[2025-09-05 17:11:18] 스케줄러 작업 종료
[2025-09-05 17:15:00]  스케줄러가 실행되었습니다.
[2025-09-05 17:15:00] ETL 시도 1/2
[2025-09-05 17:16:22] ETL 성공, 실행 시간: 81.8s
[2025-09-05 17:16:22] 스케줄러 작업 종료
[2025-09-05 17:20:00]  스케줄러가 실행되었습니다.
[2025-09-05 17:20:00] ETL 시도 1/2
[2025-09-05 17:21:17] ETL 성공, 실행 시간: 77.4s
[2025-09-05 17:21:17] 스케줄러 작업 종료
[2025-09-05 17:25:00]  스케줄러가 실행되었습니다.
[2025-09-05 17:25:00] ETL 시도 1/2
[2025-09-05 17:26:20] ETL 성공, 실행 시간: 79.4s
[2025-09-05 17:26:20] 스케줄러 작업 종료
[2025-09-05 17:30:00]  스케줄러가 실행되었습니다.
[2025-09-05 17:30:00] ETL 시도 1/2
[2025-09-05 17:31:16] ETL 성공, 실행 시간: 75.9s
[2025-09-05 17:31:16] 스케줄러 작업 종료
[2025-09-05 17:35:00]  스케줄러가 실행되었습니다.
[2025-09-05 17:35:00] ETL 시도 1/2
[2025-09-05 17:36:18] ETL 성공, 실행 시간: 77.8s
[2025-09-05 17:36:18] 스케줄러 작업 종료
[2025-09-05 17:40:00]  스케줄러가 실행되었습니다.
[2025-09-05 17:40:00] ETL 시도 1/2
[2025-09-05 17:41:19] ETL 성공, 실행 시간: 78.8s
[2025-09-05 17:41:19] 스케줄러 작업 종료
[2025-09-05 17:45:00]  스케줄러가 실행되었습니다.
[2025-09-05 17:45:00] ETL 시도 1/2
[2025-09-05 17:45:19] ETL 실패(시도 1): Pipeline exited with code 1
[2025-09-05 17:45:19] ⏳ 10s 후 재시도합니다…
[2025-09-05 17:45:29] ETL 시도 2/2
[2025-09-05 17:46:46] ETL 성공, 실행 시간: 105.9s
[2025-09-05 17:46:46] 스케줄러 작업 종료
[2025-09-05 17:50:00]  스케줄러가 실행되었습니다.
[2025-09-05 17:50:00] ETL 시도 1/2
[2025-09-05 17:51:24] ETL 성공, 실행 시간: 84.1s
[2025-09-05 17:51:24] 스케줄러 작업 종료
[2025-09-05 17:55:00]  스케줄러가 실행되었습니다.
[2025-09-05 17:55:00] ETL 시도 1/2
[2025-09-05 17:56:29] ETL 성공, 실행 시간: 88.4s
[2025-09-05 17:56:29] 스케줄러 작업 종료
[2025-09-05 18:00:00]  스케줄러가 실행되었습니다.
[2025-09-05 18:00:00] ETL 시도 1/2
[2025-09-05 18:01:28] ETL 성공, 실행 시간: 88.4s
[2025-09-05 18:01:28] 스케줄러 작업 종료
[2025-09-05 18:05:00]  스케줄러가 실행되었습니다.
[2025-09-05 18:05:00] ETL 시도 1/2
[2025-09-05 18:06:48] ETL 성공, 실행 시간: 108.0s
[2025-09-05 18:06:48] 스케줄러 작업 종료
[2025-09-05 18:10:00]  스케줄러가 실행되었습니다.
[2025-09-05 18:10:00] ETL 시도 1/2
[2025-09-05 18:11:22] ETL 성공, 실행 시간: 81.7s
[2025-09-05 18:11:22] 스케줄러 작업 종료
[2025-09-05 18:15:00]  스케줄러가 실행되었습니다.
[2025-09-05 18:15:00] ETL 시도 1/2
[2025-09-05 18:16:24] ETL 성공, 실행 시간: 83.3s
[2025-09-05 18:16:24] 스케줄러 작업 종료
[2025-09-05 18:20:00]  스케줄러가 실행되었습니다.
[2025-09-05 18:20:00] ETL 시도 1/2
[2025-09-05 18:21:18] ETL 성공, 실행 시간: 78.3s
[2025-09-05 18:21:18] 스케줄러 작업 종료
[2025-09-05 18:25:00]  스케줄러가 실행되었습니다.
[2025-09-05 18:25:00] ETL 시도 1/2
[2025-09-05 18:26:18] ETL 성공, 실행 시간: 77.5s
[2025-09-05 18:26:18] 스케줄러 작업 종료
[2025-09-05 18:30:00]  스케줄러가 실행되었습니다.
[2025-09-05 18:30:00] ETL 시도 1/2
[2025-09-05 18:31:19] ETL 성공, 실행 시간: 78.8s
[2025-09-05 18:31:19] 스케줄러 작업 종료
[2025-09-05 18:35:00]  스케줄러가 실행되었습니다.
[2025-09-05 18:35:00] ETL 시도 1/2
[2025-09-05 18:36:18] ETL 성공, 실행 시간: 78.0s
[2025-09-05 18:36:18] 스케줄러 작업 종료
[2025-09-05 18:40:00]  스케줄러가 실행되었습니다.
[2025-09-05 18:40:00] ETL 시도 1/2
[2025-09-05 18:41:17] ETL 성공, 실행 시간: 77.0s
[2025-09-05 18:41:17] 스케줄러 작업 종료
[2025-09-05 18:45:00]  스케줄러가 실행되었습니다.
[2025-09-05 18:45:00] ETL 시도 1/2
[2025-09-05 18:46:17] ETL 성공, 실행 시간: 76.9s
[2025-09-05 18:46:17] 스케줄러 작업 종료
[2025-09-05 18:50:00]  스케줄러가 실행되었습니다.
[2025-09-05 18:50:00] ETL 시도 1/2
[2025-09-05 18:51:21] ETL 성공, 실행 시간: 80.9s
[2025-09-05 18:51:21] 스케줄러 작업 종료
[2025-09-05 18:55:00]  스케줄러가 실행되었습니다.
[2025-09-05 18:55:00] ETL 시도 1/2
[2025-09-05 18:56:15] ETL 성공, 실행 시간: 74.3s
[2025-09-05 18:56:15] 스케줄러 작업 종료
[2025-09-05 19:00:00]  스케줄러가 실행되었습니다.
[2025-09-05 19:00:00] ETL 시도 1/2
[2025-09-05 19:01:19] ETL 성공, 실행 시간: 78.9s
[2025-09-05 19:01:19] 스케줄러 작업 종료
[2025-09-05 19:05:00]  스케줄러가 실행되었습니다.
[2025-09-05 19:05:00] ETL 시도 1/2
[2025-09-05 19:06:21] ETL 성공, 실행 시간: 81.6s
[2025-09-05 19:06:21] 스케줄러 작업 종료
[2025-09-05 19:10:00]  스케줄러가 실행되었습니다.
[2025-09-05 19:10:00] ETL 시도 1/2
[2025-09-05 19:11:20] ETL 성공, 실행 시간: 79.5s
[2025-09-05 19:11:20] 스케줄러 작업 종료
[2025-09-05 19:15:00]  스케줄러가 실행되었습니다.
[2025-09-05 19:15:00] ETL 시도 1/2
[2025-09-05 19:16:19] ETL 성공, 실행 시간: 79.3s
[2025-09-05 19:16:19] 스케줄러 작업 종료
[2025-09-05 19:20:00]  스케줄러가 실행되었습니다.
[2025-09-05 19:20:00] ETL 시도 1/2
[2025-09-05 19:21:13] ETL 성공, 실행 시간: 73.7s
[2025-09-05 19:21:13] 스케줄러 작업 종료
[2025-09-05 19:25:00]  스케줄러가 실행되었습니다.
[2025-09-05 19:25:00] ETL 시도 1/2
[2025-09-05 19:26:16] ETL 성공, 실행 시간: 75.4s
[2025-09-05 19:26:16] 스케줄러 작업 종료
[2025-09-05 19:30:00]  스케줄러가 실행되었습니다.
[2025-09-05 19:30:00] ETL 시도 1/2
[2025-09-05 19:31:14] ETL 성공, 실행 시간: 74.1s
[2025-09-05 19:31:14] 스케줄러 작업 종료
[2025-09-05 19:35:00]  스케줄러가 실행되었습니다.
[2025-09-05 19:35:00] ETL 시도 1/2
[2025-09-05 19:36:17] ETL 성공, 실행 시간: 77.0s
[2025-09-05 19:36:17] 스케줄러 작업 종료
[2025-09-05 19:40:00]  스케줄러가 실행되었습니다.
[2025-09-05 19:40:00] ETL 시도 1/2
[2025-09-05 19:41:16] ETL 성공, 실행 시간: 76.1s
[2025-09-05 19:41:16] 스케줄러 작업 종료
[2025-09-05 19:45:00]  스케줄러가 실행되었습니다.
[2025-09-05 19:45:00] ETL 시도 1/2
[2025-09-05 19:46:20] ETL 성공, 실행 시간: 80.6s
[2025-09-05 19:46:20] 스케줄러 작업 종료
[2025-09-05 19:50:00]  스케줄러가 실행되었습니다.
[2025-09-05 19:50:00] ETL 시도 1/2
[2025-09-05 19:51:26] ETL 성공, 실행 시간: 85.8s
[2025-09-05 19:51:26] 스케줄러 작업 종료
[2025-09-05 19:55:00]  스케줄러가 실행되었습니다.
[2025-09-05 19:55:00] ETL 시도 1/2
[2025-09-05 19:56:26] ETL 성공, 실행 시간: 85.8s
[2025-09-05 19:56:26] 스케줄러 작업 종료
[2025-09-05 20:00:00]  스케줄러가 실행되었습니다.
[2025-09-05 20:00:00] ETL 시도 1/2
[2025-09-05 20:01:19] ETL 성공, 실행 시간: 78.4s
[2025-09-05 20:01:19] 스케줄러 작업 종료
[2025-09-05 20:05:00]  스케줄러가 실행되었습니다.
[2025-09-05 20:05:00] ETL 시도 1/2
[2025-09-05 20:05:25] ETL 실패(시도 1): Pipeline exited with code 1
[2025-09-05 20:05:25] ⏳ 10s 후 재시도합니다…
[2025-09-05 20:05:35] ETL 시도 2/2
[2025-09-05 20:06:54] ETL 성공, 실행 시간: 114.2s
[2025-09-05 20:06:54] 스케줄러 작업 종료
[2025-09-05 20:10:00]  스케줄러가 실행되었습니다.
[2025-09-05 20:10:00] ETL 시도 1/2
[2025-09-05 20:11:32] ETL 성공, 실행 시간: 92.3s
[2025-09-05 20:11:32] 스케줄러 작업 종료
[2025-09-05 20:15:00]  스케줄러가 실행되었습니다.
[2025-09-05 20:15:00] ETL 시도 1/2
[2025-09-05 20:15:27] ETL 실패(시도 1): Pipeline exited with code 1
[2025-09-05 20:15:27] ⏳ 10s 후 재시도합니다…
[2025-09-05 20:15:37] ETL 시도 2/2
[2025-09-05 20:16:03] ETL 실패(시도 2): Pipeline exited with code 1
[2025-09-05 20:16:03] 이번 회차 최종 실패: Pipeline exited with code 1
[2025-09-05 20:16:03] 스케줄러 작업 종료
[2025-09-05 20:20:00]  스케줄러가 실행되었습니다.
[2025-09-05 20:20:00] ETL 시도 1/2
[2025-09-05 20:20:25] ETL 실패(시도 1): Pipeline exited with code 1
[2025-09-05 20:20:25] ⏳ 10s 후 재시도합니다…
[2025-09-05 20:20:35] ETL 시도 2/2
[2025-09-05 20:21:02] ETL 실패(시도 2): Pipeline exited with code 1
[2025-09-05 20:21:02] 이번 회차 최종 실패: Pipeline exited with code 1
[2025-09-05 20:21:02] 스케줄러 작업 종료
[2025-09-05 20:25:00]  스케줄러가 실행되었습니다.
[2025-09-05 20:25:00] ETL 시도 1/2
[2025-09-05 20:26:22] ETL 성공, 실행 시간: 82.1s
[2025-09-05 20:26:22] 스케줄러 작업 종료
[2025-09-05 20:30:00]  스케줄러가 실행되었습니다.
[2025-09-05 20:30:00] ETL 시도 1/2
[2025-09-05 20:31:16] ETL 성공, 실행 시간: 75.8s
[2025-09-05 20:31:16] 스케줄러 작업 종료
[2025-09-05 20:35:00]  스케줄러가 실행되었습니다.
[2025-09-05 20:35:00] ETL 시도 1/2
[2025-09-05 20:36:15] ETL 성공, 실행 시간: 75.5s
[2025-09-05 20:36:15] 스케줄러 작업 종료
[2025-09-05 20:40:00]  스케줄러가 실행되었습니다.
[2025-09-05 20:40:00] ETL 시도 1/2
[2025-09-05 20:40:27] ETL 실패(시도 1): Pipeline exited with code 1
[2025-09-05 20:40:27] ⏳ 10s 후 재시도합니다…
[2025-09-05 20:40:37] ETL 시도 2/2
[2025-09-05 20:41:05] ETL 실패(시도 2): Pipeline exited with code 1
[2025-09-05 20:41:05] 이번 회차 최종 실패: Pipeline exited with code 1
[2025-09-05 20:41:05] 스케줄러 작업 종료
[2025-09-05 20:45:00]  스케줄러가 실행되었습니다.
[2025-09-05 20:45:00] ETL 시도 1/2
[2025-09-05 20:46:19] ETL 성공, 실행 시간: 79.6s
[2025-09-05 20:46:19] 스케줄러 작업 종료
[2025-09-05 20:50:00]  스케줄러가 실행되었습니다.
[2025-09-05 20:50:00] ETL 시도 1/2
[2025-09-05 20:51:16] ETL 성공, 실행 시간: 76.1s
[2025-09-05 20:51:16] 스케줄러 작업 종료
[2025-09-05 20:55:00]  스케줄러가 실행되었습니다.
[2025-09-05 20:55:00] ETL 시도 1/2
[2025-09-05 20:56:15] ETL 성공, 실행 시간: 75.4s
[2025-09-05 20:56:15] 스케줄러 작업 종료
[2025-09-05 21:00:00]  스케줄러가 실행되었습니다.
[2025-09-05 21:00:00] ETL 시도 1/2
[2025-09-05 21:01:22] ETL 성공, 실행 시간: 81.4s
[2025-09-05 21:01:22] 스케줄러 작업 종료
[2025-09-05 21:05:00]  스케줄러가 실행되었습니다.
[2025-09-05 21:05:00] ETL 시도 1/2
[2025-09-05 21:06:24] ETL 성공, 실행 시간: 83.8s
[2025-09-05 21:06:24] 스케줄러 작업 종료
[2025-09-05 21:10:00]  스케줄러가 실행되었습니다.
[2025-09-05 21:10:00] ETL 시도 1/2
[2025-09-05 21:11:25] ETL 성공, 실행 시간: 84.7s
[2025-09-05 21:11:25] 스케줄러 작업 종료
[2025-09-05 21:15:00]  스케줄러가 실행되었습니다.
[2025-09-05 21:15:00] ETL 시도 1/2
[2025-09-05 21:16:23] ETL 성공, 실행 시간: 83.4s
[2025-09-05 21:16:23] 스케줄러 작업 종료
[2025-09-05 21:20:00]  스케줄러가 실행되었습니다.
[2025-09-05 21:20:00] ETL 시도 1/2
[2025-09-05 21:21:34] ETL 성공, 실행 시간: 93.6s
[2025-09-05 21:21:34] 스케줄러 작업 종료
[2025-09-05 21:25:00]  스케줄러가 실행되었습니다.
[2025-09-05 21:25:00] ETL 시도 1/2
[2025-09-05 21:26:23] ETL 성공, 실행 시간: 82.9s
[2025-09-05 21:26:23] 스케줄러 작업 종료
[2025-09-05 21:30:00]  스케줄러가 실행되었습니다.
[2025-09-05 21:30:00] ETL 시도 1/2
[2025-09-05 21:31:20] ETL 성공, 실행 시간: 80.1s
[2025-09-05 21:31:20] 스케줄러 작업 종료
[2025-09-05 21:35:00]  스케줄러가 실행되었습니다.
[2025-09-05 21:35:00] ETL 시도 1/2
[2025-09-05 21:36:22] ETL 성공, 실행 시간: 82.3s
[2025-09-05 21:36:22] 스케줄러 작업 종료
[2025-09-05 21:40:00]  스케줄러가 실행되었습니다.
[2025-09-05 21:40:00] ETL 시도 1/2
[2025-09-05 21:41:18] ETL 성공, 실행 시간: 77.7s
[2025-09-05 21:41:18] 스케줄러 작업 종료
[2025-09-05 21:45:00]  스케줄러가 실행되었습니다.
[2025-09-05 21:45:00] ETL 시도 1/2
[2025-09-05 21:46:20] ETL 성공, 실행 시간: 79.9s
[2025-09-05 21:46:20] 스케줄러 작업 종료
[2025-09-05 21:50:00]  스케줄러가 실행되었습니다.
[2025-09-05 21:50:00] ETL 시도 1/2
[2025-09-05 21:51:23] ETL 성공, 실행 시간: 83.4s
[2025-09-05 21:51:23] 스케줄러 작업 종료
[2025-09-05 21:55:00]  스케줄러가 실행되었습니다.
[2025-09-05 21:55:00] ETL 시도 1/2
[2025-09-05 21:56:22] ETL 성공, 실행 시간: 81.4s
[2025-09-05 21:56:22] 스케줄러 작업 종료
[2025-09-05 22:00:00]  스케줄러가 실행되었습니다.
[2025-09-05 22:00:00] ETL 시도 1/2
[2025-09-05 22:01:32] ETL 성공, 실행 시간: 92.1s
[2025-09-05 22:01:32] 스케줄러 작업 종료
[2025-09-05 22:05:00]  스케줄러가 실행되었습니다.
[2025-09-05 22:05:00] ETL 시도 1/2
[2025-09-05 22:06:29] ETL 성공, 실행 시간: 89.2s
[2025-09-05 22:06:29] 스케줄러 작업 종료
[2025-09-05 22:10:00]  스케줄러가 실행되었습니다.
[2025-09-05 22:10:00] ETL 시도 1/2
[2025-09-05 22:11:18] ETL 성공, 실행 시간: 78.8s
[2025-09-05 22:11:18] 스케줄러 작업 종료
[2025-09-05 22:15:00]  스케줄러가 실행되었습니다.
[2025-09-05 22:15:00] ETL 시도 1/2
[2025-09-05 22:16:19] ETL 성공, 실행 시간: 79.4s
[2025-09-05 22:16:19] 스케줄러 작업 종료
[2025-09-05 22:20:00]  스케줄러가 실행되었습니다.
[2025-09-05 22:20:00] ETL 시도 1/2
[2025-09-05 22:21:20] ETL 성공, 실행 시간: 79.5s
[2025-09-05 22:21:20] 스케줄러 작업 종료
[2025-09-05 22:25:00]  스케줄러가 실행되었습니다.
[2025-09-05 22:25:00] ETL 시도 1/2
[2025-09-05 22:26:21] ETL 성공, 실행 시간: 81.0s
[2025-09-05 22:26:21] 스케줄러 작업 종료
[2025-09-05 22:30:00]  스케줄러가 실행되었습니다.
[2025-09-05 22:30:00] ETL 시도 1/2
[2025-09-05 22:31:21] ETL 성공, 실행 시간: 81.1s
[2025-09-05 22:31:21] 스케줄러 작업 종료
[2025-09-05 22:35:00]  스케줄러가 실행되었습니다.
[2025-09-05 22:35:00] ETL 시도 1/2
[2025-09-05 22:36:25] ETL 성공, 실행 시간: 84.5s
[2025-09-05 22:36:25] 스케줄러 작업 종료
[2025-09-05 22:40:00]  스케줄러가 실행되었습니다.
[2025-09-05 22:40:00] ETL 시도 1/2
[2025-09-05 22:41:26] ETL 성공, 실행 시간: 86.6s
[2025-09-05 22:41:26] 스케줄러 작업 종료
[2025-09-05 22:45:00]  스케줄러가 실행되었습니다.
[2025-09-05 22:45:00] ETL 시도 1/2
[2025-09-05 22:46:27] ETL 성공, 실행 시간: 87.0s
[2025-09-05 22:46:27] 스케줄러 작업 종료
[2025-09-05 22:50:00]  스케줄러가 실행되었습니다.
[2025-09-05 22:50:00] ETL 시도 1/2
[2025-09-05 22:51:23] ETL 성공, 실행 시간: 82.9s
[2025-09-05 22:51:23] 스케줄러 작업 종료
[2025-09-05 22:55:00]  스케줄러가 실행되었습니다.
[2025-09-05 22:55:00] ETL 시도 1/2
[2025-09-05 22:56:19] ETL 성공, 실행 시간: 79.4s
[2025-09-05 22:56:19] 스케줄러 작업 종료
[2025-09-05 23:00:00]  스케줄러가 실행되었습니다.
[2025-09-05 23:00:00] ETL 시도 1/2
[2025-09-05 23:01:26] ETL 성공, 실행 시간: 86.7s
[2025-09-05 23:01:26] 스케줄러 작업 종료
[2025-09-05 23:05:00]  스케줄러가 실행되었습니다.
[2025-09-05 23:05:00] ETL 시도 1/2
[2025-09-05 23:06:42] ETL 성공, 실행 시간: 102.0s
[2025-09-05 23:06:42] 스케줄러 작업 종료
[2025-09-05 23:10:00]  스케줄러가 실행되었습니다.
[2025-09-05 23:10:00] ETL 시도 1/2
[2025-09-05 23:11:33] ETL 성공, 실행 시간: 93.9s
[2025-09-05 23:11:33] 스케줄러 작업 종료
[2025-09-05 23:15:00]  스케줄러가 실행되었습니다.
[2025-09-05 23:15:00] ETL 시도 1/2
[2025-09-05 23:16:22] ETL 성공, 실행 시간: 82.7s
[2025-09-05 23:16:22] 스케줄러 작업 종료
[2025-09-05 23:20:00]  스케줄러가 실행되었습니다.
[2025-09-05 23:20:00] ETL 시도 1/2
[2025-09-05 23:22:10] ETL 성공, 실행 시간: 130.6s
[2025-09-05 23:22:10] 스케줄러 작업 종료
[2025-09-05 23:25:00]  스케줄러가 실행되었습니다.
[2025-09-05 23:25:00] ETL 시도 1/2
[2025-09-05 23:26:22] ETL 성공, 실행 시간: 81.3s
[2025-09-05 23:26:22] 스케줄러 작업 종료
[2025-09-05 23:30:00]  스케줄러가 실행되었습니다.
[2025-09-05 23:30:00] ETL 시도 1/2
[2025-09-05 23:31:25] ETL 성공, 실행 시간: 85.6s
[2025-09-05 23:31:25] 스케줄러 작업 종료
[2025-09-05 23:35:00]  스케줄러가 실행되었습니다.
[2025-09-05 23:35:00] ETL 시도 1/2
[2025-09-05 23:36:27] ETL 성공, 실행 시간: 86.7s
[2025-09-05 23:36:27] 스케줄러 작업 종료
[2025-09-05 23:40:00]  스케줄러가 실행되었습니다.
[2025-09-05 23:40:00] ETL 시도 1/2
[2025-09-05 23:41:24] ETL 성공, 실행 시간: 83.5s
[2025-09-05 23:41:24] 스케줄러 작업 종료
[2025-09-05 23:45:00]  스케줄러가 실행되었습니다.
[2025-09-05 23:45:00] ETL 시도 1/2
[2025-09-05 23:46:22] ETL 성공, 실행 시간: 82.0s
[2025-09-05 23:46:22] 스케줄러 작업 종료
[2025-09-05 23:50:00]  스케줄러가 실행되었습니다.
[2025-09-05 23:50:00] ETL 시도 1/2
[2025-09-05 23:51:25] ETL 성공, 실행 시간: 85.0s
[2025-09-05 23:51:25] 스케줄러 작업 종료
[2025-09-05 23:55:00]  스케줄러가 실행되었습니다.
[2025-09-05 23:55:00] ETL 시도 1/2
[2025-09-05 23:56:21] ETL 성공, 실행 시간: 80.4s
[2025-09-05 23:56:21] 스케줄러 작업 종료
[2025-09-06 00:00:00]  스케줄러가 실행되었습니다.
[2025-09-06 00:00:00] ETL 시도 1/2
[2025-09-06 00:01:29] ETL 성공, 실행 시간: 88.6s
[2025-09-06 00:01:29] 스케줄러 작업 종료
[2025-09-06 00:05:00]  스케줄러가 실행되었습니다.
[2025-09-06 00:05:00] ETL 시도 1/2
[2025-09-06 00:06:25] ETL 성공, 실행 시간: 85.8s
[2025-09-06 00:06:25] 스케줄러 작업 종료
[2025-09-06 00:10:00]  스케줄러가 실행되었습니다.
[2025-09-06 00:10:00] ETL 시도 1/2
[2025-09-06 00:11:18] ETL 성공, 실행 시간: 78.2s
[2025-09-06 00:11:18] 스케줄러 작업 종료
[2025-09-06 00:15:00]  스케줄러가 실행되었습니다.
[2025-09-06 00:15:00] ETL 시도 1/2
[2025-09-06 00:16:22] ETL 성공, 실행 시간: 82.5s
[2025-09-06 00:16:22] 스케줄러 작업 종료
[2025-09-06 00:20:00]  스케줄러가 실행되었습니다.
[2025-09-06 00:20:00] ETL 시도 1/2
[2025-09-06 00:21:23] ETL 성공, 실행 시간: 83.3s
[2025-09-06 00:21:23] 스케줄러 작업 종료
[2025-09-06 00:25:00]  스케줄러가 실행되었습니다.
[2025-09-06 00:25:00] ETL 시도 1/2
[2025-09-06 00:26:20] ETL 성공, 실행 시간: 80.4s
[2025-09-06 00:26:20] 스케줄러 작업 종료
[2025-09-06 00:30:00]  스케줄러가 실행되었습니다.
[2025-09-06 00:30:00] ETL 시도 1/2
[2025-09-06 00:31:19] ETL 성공, 실행 시간: 79.7s
[2025-09-06 00:31:19] 스케줄러 작업 종료
[2025-09-06 00:35:00]  스케줄러가 실행되었습니다.
[2025-09-06 00:35:00] ETL 시도 1/2
[2025-09-06 00:36:16] ETL 성공, 실행 시간: 76.6s
[2025-09-06 00:36:16] 스케줄러 작업 종료
[2025-09-06 00:40:00]  스케줄러가 실행되었습니다.
[2025-09-06 00:40:00] ETL 시도 1/2
[2025-09-06 00:41:22] ETL 성공, 실행 시간: 82.0s
[2025-09-06 00:41:22] 스케줄러 작업 종료
[2025-09-06 00:45:00]  스케줄러가 실행되었습니다.
[2025-09-06 00:45:00] ETL 시도 1/2
[2025-09-06 00:46:19] ETL 성공, 실행 시간: 79.0s
[2025-09-06 00:46:19] 스케줄러 작업 종료
[2025-09-06 00:50:00]  스케줄러가 실행되었습니다.
[2025-09-06 00:50:00] ETL 시도 1/2
[2025-09-06 00:51:18] ETL 성공, 실행 시간: 78.0s
[2025-09-06 00:51:18] 스케줄러 작업 종료
[2025-09-06 00:55:00]  스케줄러가 실행되었습니다.
[2025-09-06 00:55:00] ETL 시도 1/2
[2025-09-06 00:56:18] ETL 성공, 실행 시간: 78.6s
[2025-09-06 00:56:18] 스케줄러 작업 종료
